The system is: Linux - 3.11.0-17-generic - x86_64
Compiling the C compiler identification source file "CMakeCCompilerId.c" succeeded.
Compiler: /usr/bin/cc 
Build flags: 
Id flags: 

The output was:
0


Compilation of the C compiler identification source "CMakeCCompilerId.c" produced "a.out"

The C compiler identification is GNU, found in "/home/furano/afshome/Park/xrootd/xrootd-fbx3/xrootd-fbx3/build_pcitgt02/CMakeFiles/2.8.11.2/CompilerIdC/a.out"

Compiling the CXX compiler identification source file "CMakeCXXCompilerId.cpp" succeeded.
Compiler: /usr/bin/c++ 
Build flags: 
Id flags: 

The output was:
0


Compilation of the CXX compiler identification source "CMakeCXXCompilerId.cpp" produced "a.out"

The CXX compiler identification is GNU, found in "/home/furano/afshome/Park/xrootd/xrootd-fbx3/xrootd-fbx3/build_pcitgt02/CMakeFiles/2.8.11.2/CompilerIdCXX/a.out"

Determining if the C compiler works passed with the following output:
Change Dir: /home/furano/afshome/Park/xrootd/xrootd-fbx3/xrootd-fbx3/build_pcitgt02/CMakeFiles/CMakeTmp

Run Build Command:/usr/bin/make "cmTryCompileExec1357566762/fast"
/usr/bin/make -f CMakeFiles/cmTryCompileExec1357566762.dir/build.make CMakeFiles/cmTryCompileExec1357566762.dir/build
make[1]: Entering directory `/afs/cern.ch/user/f/furano/Park/xrootd/xrootd-fbx3/xrootd-fbx3/build_pcitgt02/CMakeFiles/CMakeTmp'
/usr/bin/cmake -E cmake_progress_report /home/furano/afshome/Park/xrootd/xrootd-fbx3/xrootd-fbx3/build_pcitgt02/CMakeFiles/CMakeTmp/CMakeFiles 1
Building C object CMakeFiles/cmTryCompileExec1357566762.dir/testCCompiler.c.o
/usr/bin/cc    -o CMakeFiles/cmTryCompileExec1357566762.dir/testCCompiler.c.o   -c /home/furano/afshome/Park/xrootd/xrootd-fbx3/xrootd-fbx3/build_pcitgt02/CMakeFiles/CMakeTmp/testCCompiler.c
Linking C executable cmTryCompileExec1357566762
/usr/bin/cmake -E cmake_link_script CMakeFiles/cmTryCompileExec1357566762.dir/link.txt --verbose=1
/usr/bin/cc         CMakeFiles/cmTryCompileExec1357566762.dir/testCCompiler.c.o  -o cmTryCompileExec1357566762 -rdynamic 
make[1]: Leaving directory `/afs/cern.ch/user/f/furano/Park/xrootd/xrootd-fbx3/xrootd-fbx3/build_pcitgt02/CMakeFiles/CMakeTmp'


Detecting C compiler ABI info compiled with the following output:
Change Dir: /home/furano/afshome/Park/xrootd/xrootd-fbx3/xrootd-fbx3/build_pcitgt02/CMakeFiles/CMakeTmp

Run Build Command:/usr/bin/make "cmTryCompileExec354288075/fast"
/usr/bin/make -f CMakeFiles/cmTryCompileExec354288075.dir/build.make CMakeFiles/cmTryCompileExec354288075.dir/build
make[1]: Entering directory `/afs/cern.ch/user/f/furano/Park/xrootd/xrootd-fbx3/xrootd-fbx3/build_pcitgt02/CMakeFiles/CMakeTmp'
/usr/bin/cmake -E cmake_progress_report /home/furano/afshome/Park/xrootd/xrootd-fbx3/xrootd-fbx3/build_pcitgt02/CMakeFiles/CMakeTmp/CMakeFiles 1
Building C object CMakeFiles/cmTryCompileExec354288075.dir/CMakeCCompilerABI.c.o
/usr/bin/cc    -o CMakeFiles/cmTryCompileExec354288075.dir/CMakeCCompilerABI.c.o   -c /usr/share/cmake-2.8/Modules/CMakeCCompilerABI.c
Linking C executable cmTryCompileExec354288075
/usr/bin/cmake -E cmake_link_script CMakeFiles/cmTryCompileExec354288075.dir/link.txt --verbose=1
/usr/bin/cc       -v CMakeFiles/cmTryCompileExec354288075.dir/CMakeCCompilerABI.c.o  -o cmTryCompileExec354288075 -rdynamic  
Using built-in specs.
COLLECT_GCC=/usr/bin/cc
COLLECT_LTO_WRAPPER=/usr/lib/gcc/x86_64-linux-gnu/4.8/lto-wrapper
Target: x86_64-linux-gnu
Configured with: ../src/configure -v --with-pkgversion='Ubuntu/Linaro 4.8.1-10ubuntu9' --with-bugurl=file:///usr/share/doc/gcc-4.8/README.Bugs --enable-languages=c,c++,java,go,d,fortran,objc,obj-c++ --prefix=/usr --program-suffix=-4.8 --enable-shared --enable-linker-build-id --libexecdir=/usr/lib --without-included-gettext --enable-threads=posix --with-gxx-include-dir=/usr/include/c++/4.8 --libdir=/usr/lib --enable-nls --with-sysroot=/ --enable-clocale=gnu --enable-libstdcxx-debug --enable-libstdcxx-time=yes --enable-gnu-unique-object --enable-plugin --with-system-zlib --disable-browser-plugin --enable-java-awt=gtk --enable-gtk-cairo --with-java-home=/usr/lib/jvm/java-1.5.0-gcj-4.8-amd64/jre --enable-java-home --with-jvm-root-dir=/usr/lib/jvm/java-1.5.0-gcj-4.8-amd64 --with-jvm-jar-dir=/usr/lib/jvm-exports/java-1.5.0-gcj-4.8-amd64 --with-arch-directory=amd64 --with-ecj-jar=/usr/share/java/eclipse-ecj.jar --enable-objc-gc --enable-multiarch --disable-werror --with-arch-32=i686 --with-abi=m64 --with-multilib-list=m32,m64,mx32 --with-tune=generic --enable-checking=release --build=x86_64-linux-gnu --host=x86_64-linux-gnu --target=x86_64-linux-gnu
Thread model: posix
gcc version 4.8.1 (Ubuntu/Linaro 4.8.1-10ubuntu9) 
COMPILER_PATH=/usr/lib/gcc/x86_64-linux-gnu/4.8/:/usr/lib/gcc/x86_64-linux-gnu/4.8/:/usr/lib/gcc/x86_64-linux-gnu/:/usr/lib/gcc/x86_64-linux-gnu/4.8/:/usr/lib/gcc/x86_64-linux-gnu/
LIBRARY_PATH=/usr/lib/gcc/x86_64-linux-gnu/4.8/:/usr/lib/gcc/x86_64-linux-gnu/4.8/../../../x86_64-linux-gnu/:/usr/lib/gcc/x86_64-linux-gnu/4.8/../../../../lib/:/lib/x86_64-linux-gnu/:/lib/../lib/:/usr/lib/x86_64-linux-gnu/:/usr/lib/../lib/:/usr/lib/gcc/x86_64-linux-gnu/4.8/../../../:/lib/:/usr/lib/
COLLECT_GCC_OPTIONS='-v' '-o' 'cmTryCompileExec354288075' '-rdynamic' '-mtune=generic' '-march=x86-64'
 /usr/lib/gcc/x86_64-linux-gnu/4.8/collect2 --sysroot=/ --build-id --eh-frame-hdr -m elf_x86_64 --hash-style=gnu --as-needed -export-dynamic -dynamic-linker /lib64/ld-linux-x86-64.so.2 -z relro -o cmTryCompileExec354288075 /usr/lib/gcc/x86_64-linux-gnu/4.8/../../../x86_64-linux-gnu/crt1.o /usr/lib/gcc/x86_64-linux-gnu/4.8/../../../x86_64-linux-gnu/crti.o /usr/lib/gcc/x86_64-linux-gnu/4.8/crtbegin.o -L/usr/lib/gcc/x86_64-linux-gnu/4.8 -L/usr/lib/gcc/x86_64-linux-gnu/4.8/../../../x86_64-linux-gnu -L/usr/lib/gcc/x86_64-linux-gnu/4.8/../../../../lib -L/lib/x86_64-linux-gnu -L/lib/../lib -L/usr/lib/x86_64-linux-gnu -L/usr/lib/../lib -L/usr/lib/gcc/x86_64-linux-gnu/4.8/../../.. CMakeFiles/cmTryCompileExec354288075.dir/CMakeCCompilerABI.c.o -lgcc --as-needed -lgcc_s --no-as-needed -lc -lgcc --as-needed -lgcc_s --no-as-needed /usr/lib/gcc/x86_64-linux-gnu/4.8/crtend.o /usr/lib/gcc/x86_64-linux-gnu/4.8/../../../x86_64-linux-gnu/crtn.o
make[1]: Leaving directory `/afs/cern.ch/user/f/furano/Park/xrootd/xrootd-fbx3/xrootd-fbx3/build_pcitgt02/CMakeFiles/CMakeTmp'


Parsed C implicit link information from above output:
  link line regex: [^( *|.*[/\])(ld|ld|collect2)[^/\]*( |$)]
  ignore line: [Change Dir: /home/furano/afshome/Park/xrootd/xrootd-fbx3/xrootd-fbx3/build_pcitgt02/CMakeFiles/CMakeTmp]
  ignore line: []
  ignore line: [Run Build Command:/usr/bin/make "cmTryCompileExec354288075/fast"]
  ignore line: [/usr/bin/make -f CMakeFiles/cmTryCompileExec354288075.dir/build.make CMakeFiles/cmTryCompileExec354288075.dir/build]
  ignore line: [make[1]: Entering directory `/afs/cern.ch/user/f/furano/Park/xrootd/xrootd-fbx3/xrootd-fbx3/build_pcitgt02/CMakeFiles/CMakeTmp']
  ignore line: [/usr/bin/cmake -E cmake_progress_report /home/furano/afshome/Park/xrootd/xrootd-fbx3/xrootd-fbx3/build_pcitgt02/CMakeFiles/CMakeTmp/CMakeFiles 1]
  ignore line: [Building C object CMakeFiles/cmTryCompileExec354288075.dir/CMakeCCompilerABI.c.o]
  ignore line: [/usr/bin/cc    -o CMakeFiles/cmTryCompileExec354288075.dir/CMakeCCompilerABI.c.o   -c /usr/share/cmake-2.8/Modules/CMakeCCompilerABI.c]
  ignore line: [Linking C executable cmTryCompileExec354288075]
  ignore line: [/usr/bin/cmake -E cmake_link_script CMakeFiles/cmTryCompileExec354288075.dir/link.txt --verbose=1]
  ignore line: [/usr/bin/cc       -v CMakeFiles/cmTryCompileExec354288075.dir/CMakeCCompilerABI.c.o  -o cmTryCompileExec354288075 -rdynamic  ]
  ignore line: [Using built-in specs.]
  ignore line: [COLLECT_GCC=/usr/bin/cc]
  ignore line: [COLLECT_LTO_WRAPPER=/usr/lib/gcc/x86_64-linux-gnu/4.8/lto-wrapper]
  ignore line: [Target: x86_64-linux-gnu]
  ignore line: [Configured with: ../src/configure -v --with-pkgversion='Ubuntu/Linaro 4.8.1-10ubuntu9' --with-bugurl=file:///usr/share/doc/gcc-4.8/README.Bugs --enable-languages=c,c++,java,go,d,fortran,objc,obj-c++ --prefix=/usr --program-suffix=-4.8 --enable-shared --enable-linker-build-id --libexecdir=/usr/lib --without-included-gettext --enable-threads=posix --with-gxx-include-dir=/usr/include/c++/4.8 --libdir=/usr/lib --enable-nls --with-sysroot=/ --enable-clocale=gnu --enable-libstdcxx-debug --enable-libstdcxx-time=yes --enable-gnu-unique-object --enable-plugin --with-system-zlib --disable-browser-plugin --enable-java-awt=gtk --enable-gtk-cairo --with-java-home=/usr/lib/jvm/java-1.5.0-gcj-4.8-amd64/jre --enable-java-home --with-jvm-root-dir=/usr/lib/jvm/java-1.5.0-gcj-4.8-amd64 --with-jvm-jar-dir=/usr/lib/jvm-exports/java-1.5.0-gcj-4.8-amd64 --with-arch-directory=amd64 --with-ecj-jar=/usr/share/java/eclipse-ecj.jar --enable-objc-gc --enable-multiarch --disable-werror --with-arch-32=i686 --with-abi=m64 --with-multilib-list=m32,m64,mx32 --with-tune=generic --enable-checking=release --build=x86_64-linux-gnu --host=x86_64-linux-gnu --target=x86_64-linux-gnu]
  ignore line: [Thread model: posix]
  ignore line: [gcc version 4.8.1 (Ubuntu/Linaro 4.8.1-10ubuntu9) ]
  ignore line: [COMPILER_PATH=/usr/lib/gcc/x86_64-linux-gnu/4.8/:/usr/lib/gcc/x86_64-linux-gnu/4.8/:/usr/lib/gcc/x86_64-linux-gnu/:/usr/lib/gcc/x86_64-linux-gnu/4.8/:/usr/lib/gcc/x86_64-linux-gnu/]
  ignore line: [LIBRARY_PATH=/usr/lib/gcc/x86_64-linux-gnu/4.8/:/usr/lib/gcc/x86_64-linux-gnu/4.8/../../../x86_64-linux-gnu/:/usr/lib/gcc/x86_64-linux-gnu/4.8/../../../../lib/:/lib/x86_64-linux-gnu/:/lib/../lib/:/usr/lib/x86_64-linux-gnu/:/usr/lib/../lib/:/usr/lib/gcc/x86_64-linux-gnu/4.8/../../../:/lib/:/usr/lib/]
  ignore line: [COLLECT_GCC_OPTIONS='-v' '-o' 'cmTryCompileExec354288075' '-rdynamic' '-mtune=generic' '-march=x86-64']
  link line: [ /usr/lib/gcc/x86_64-linux-gnu/4.8/collect2 --sysroot=/ --build-id --eh-frame-hdr -m elf_x86_64 --hash-style=gnu --as-needed -export-dynamic -dynamic-linker /lib64/ld-linux-x86-64.so.2 -z relro -o cmTryCompileExec354288075 /usr/lib/gcc/x86_64-linux-gnu/4.8/../../../x86_64-linux-gnu/crt1.o /usr/lib/gcc/x86_64-linux-gnu/4.8/../../../x86_64-linux-gnu/crti.o /usr/lib/gcc/x86_64-linux-gnu/4.8/crtbegin.o -L/usr/lib/gcc/x86_64-linux-gnu/4.8 -L/usr/lib/gcc/x86_64-linux-gnu/4.8/../../../x86_64-linux-gnu -L/usr/lib/gcc/x86_64-linux-gnu/4.8/../../../../lib -L/lib/x86_64-linux-gnu -L/lib/../lib -L/usr/lib/x86_64-linux-gnu -L/usr/lib/../lib -L/usr/lib/gcc/x86_64-linux-gnu/4.8/../../.. CMakeFiles/cmTryCompileExec354288075.dir/CMakeCCompilerABI.c.o -lgcc --as-needed -lgcc_s --no-as-needed -lc -lgcc --as-needed -lgcc_s --no-as-needed /usr/lib/gcc/x86_64-linux-gnu/4.8/crtend.o /usr/lib/gcc/x86_64-linux-gnu/4.8/../../../x86_64-linux-gnu/crtn.o]
    arg [/usr/lib/gcc/x86_64-linux-gnu/4.8/collect2] ==> ignore
    arg [--sysroot=/] ==> ignore
    arg [--build-id] ==> ignore
    arg [--eh-frame-hdr] ==> ignore
    arg [-m] ==> ignore
    arg [elf_x86_64] ==> ignore
    arg [--hash-style=gnu] ==> ignore
    arg [--as-needed] ==> ignore
    arg [-export-dynamic] ==> ignore
    arg [-dynamic-linker] ==> ignore
    arg [/lib64/ld-linux-x86-64.so.2] ==> ignore
    arg [-zrelro] ==> ignore
    arg [-o] ==> ignore
    arg [cmTryCompileExec354288075] ==> ignore
    arg [/usr/lib/gcc/x86_64-linux-gnu/4.8/../../../x86_64-linux-gnu/crt1.o] ==> ignore
    arg [/usr/lib/gcc/x86_64-linux-gnu/4.8/../../../x86_64-linux-gnu/crti.o] ==> ignore
    arg [/usr/lib/gcc/x86_64-linux-gnu/4.8/crtbegin.o] ==> ignore
    arg [-L/usr/lib/gcc/x86_64-linux-gnu/4.8] ==> dir [/usr/lib/gcc/x86_64-linux-gnu/4.8]
    arg [-L/usr/lib/gcc/x86_64-linux-gnu/4.8/../../../x86_64-linux-gnu] ==> dir [/usr/lib/gcc/x86_64-linux-gnu/4.8/../../../x86_64-linux-gnu]
    arg [-L/usr/lib/gcc/x86_64-linux-gnu/4.8/../../../../lib] ==> dir [/usr/lib/gcc/x86_64-linux-gnu/4.8/../../../../lib]
    arg [-L/lib/x86_64-linux-gnu] ==> dir [/lib/x86_64-linux-gnu]
    arg [-L/lib/../lib] ==> dir [/lib/../lib]
    arg [-L/usr/lib/x86_64-linux-gnu] ==> dir [/usr/lib/x86_64-linux-gnu]
    arg [-L/usr/lib/../lib] ==> dir [/usr/lib/../lib]
    arg [-L/usr/lib/gcc/x86_64-linux-gnu/4.8/../../..] ==> dir [/usr/lib/gcc/x86_64-linux-gnu/4.8/../../..]
    arg [CMakeFiles/cmTryCompileExec354288075.dir/CMakeCCompilerABI.c.o] ==> ignore
    arg [-lgcc] ==> lib [gcc]
    arg [--as-needed] ==> ignore
    arg [-lgcc_s] ==> lib [gcc_s]
    arg [--no-as-needed] ==> ignore
    arg [-lc] ==> lib [c]
    arg [-lgcc] ==> lib [gcc]
    arg [--as-needed] ==> ignore
    arg [-lgcc_s] ==> lib [gcc_s]
    arg [--no-as-needed] ==> ignore
    arg [/usr/lib/gcc/x86_64-linux-gnu/4.8/crtend.o] ==> ignore
    arg [/usr/lib/gcc/x86_64-linux-gnu/4.8/../../../x86_64-linux-gnu/crtn.o] ==> ignore
  remove lib [gcc]
  remove lib [gcc_s]
  remove lib [gcc]
  remove lib [gcc_s]
  collapse library dir [/usr/lib/gcc/x86_64-linux-gnu/4.8] ==> [/usr/lib/gcc/x86_64-linux-gnu/4.8]
  collapse library dir [/usr/lib/gcc/x86_64-linux-gnu/4.8/../../../x86_64-linux-gnu] ==> [/usr/lib/x86_64-linux-gnu]
  collapse library dir [/usr/lib/gcc/x86_64-linux-gnu/4.8/../../../../lib] ==> [/usr/lib]
  collapse library dir [/lib/x86_64-linux-gnu] ==> [/lib/x86_64-linux-gnu]
  collapse library dir [/lib/../lib] ==> [/lib]
  collapse library dir [/usr/lib/x86_64-linux-gnu] ==> [/usr/lib/x86_64-linux-gnu]
  collapse library dir [/usr/lib/../lib] ==> [/usr/lib]
  collapse library dir [/usr/lib/gcc/x86_64-linux-gnu/4.8/../../..] ==> [/usr/lib]
  implicit libs: [c]
  implicit dirs: [/usr/lib/gcc/x86_64-linux-gnu/4.8;/usr/lib/x86_64-linux-gnu;/usr/lib;/lib/x86_64-linux-gnu;/lib]
  implicit fwks: []


Determining if the CXX compiler works passed with the following output:
Change Dir: /home/furano/afshome/Park/xrootd/xrootd-fbx3/xrootd-fbx3/build_pcitgt02/CMakeFiles/CMakeTmp

Run Build Command:/usr/bin/make "cmTryCompileExec1703713162/fast"
/usr/bin/make -f CMakeFiles/cmTryCompileExec1703713162.dir/build.make CMakeFiles/cmTryCompileExec1703713162.dir/build
make[1]: Entering directory `/afs/cern.ch/user/f/furano/Park/xrootd/xrootd-fbx3/xrootd-fbx3/build_pcitgt02/CMakeFiles/CMakeTmp'
/usr/bin/cmake -E cmake_progress_report /home/furano/afshome/Park/xrootd/xrootd-fbx3/xrootd-fbx3/build_pcitgt02/CMakeFiles/CMakeTmp/CMakeFiles 1
Building CXX object CMakeFiles/cmTryCompileExec1703713162.dir/testCXXCompiler.cxx.o
/usr/bin/c++     -o CMakeFiles/cmTryCompileExec1703713162.dir/testCXXCompiler.cxx.o -c /home/furano/afshome/Park/xrootd/xrootd-fbx3/xrootd-fbx3/build_pcitgt02/CMakeFiles/CMakeTmp/testCXXCompiler.cxx
Linking CXX executable cmTryCompileExec1703713162
/usr/bin/cmake -E cmake_link_script CMakeFiles/cmTryCompileExec1703713162.dir/link.txt --verbose=1
/usr/bin/c++          CMakeFiles/cmTryCompileExec1703713162.dir/testCXXCompiler.cxx.o  -o cmTryCompileExec1703713162 -rdynamic 
make[1]: Leaving directory `/afs/cern.ch/user/f/furano/Park/xrootd/xrootd-fbx3/xrootd-fbx3/build_pcitgt02/CMakeFiles/CMakeTmp'


Detecting CXX compiler ABI info compiled with the following output:
Change Dir: /home/furano/afshome/Park/xrootd/xrootd-fbx3/xrootd-fbx3/build_pcitgt02/CMakeFiles/CMakeTmp

Run Build Command:/usr/bin/make "cmTryCompileExec1248214406/fast"
/usr/bin/make -f CMakeFiles/cmTryCompileExec1248214406.dir/build.make CMakeFiles/cmTryCompileExec1248214406.dir/build
make[1]: Entering directory `/afs/cern.ch/user/f/furano/Park/xrootd/xrootd-fbx3/xrootd-fbx3/build_pcitgt02/CMakeFiles/CMakeTmp'
/usr/bin/cmake -E cmake_progress_report /home/furano/afshome/Park/xrootd/xrootd-fbx3/xrootd-fbx3/build_pcitgt02/CMakeFiles/CMakeTmp/CMakeFiles 1
Building CXX object CMakeFiles/cmTryCompileExec1248214406.dir/CMakeCXXCompilerABI.cpp.o
/usr/bin/c++     -o CMakeFiles/cmTryCompileExec1248214406.dir/CMakeCXXCompilerABI.cpp.o -c /usr/share/cmake-2.8/Modules/CMakeCXXCompilerABI.cpp
Linking CXX executable cmTryCompileExec1248214406
/usr/bin/cmake -E cmake_link_script CMakeFiles/cmTryCompileExec1248214406.dir/link.txt --verbose=1
/usr/bin/c++        -v CMakeFiles/cmTryCompileExec1248214406.dir/CMakeCXXCompilerABI.cpp.o  -o cmTryCompileExec1248214406 -rdynamic  
Using built-in specs.
COLLECT_GCC=/usr/bin/c++
COLLECT_LTO_WRAPPER=/usr/lib/gcc/x86_64-linux-gnu/4.8/lto-wrapper
Target: x86_64-linux-gnu
Configured with: ../src/configure -v --with-pkgversion='Ubuntu/Linaro 4.8.1-10ubuntu9' --with-bugurl=file:///usr/share/doc/gcc-4.8/README.Bugs --enable-languages=c,c++,java,go,d,fortran,objc,obj-c++ --prefix=/usr --program-suffix=-4.8 --enable-shared --enable-linker-build-id --libexecdir=/usr/lib --without-included-gettext --enable-threads=posix --with-gxx-include-dir=/usr/include/c++/4.8 --libdir=/usr/lib --enable-nls --with-sysroot=/ --enable-clocale=gnu --enable-libstdcxx-debug --enable-libstdcxx-time=yes --enable-gnu-unique-object --enable-plugin --with-system-zlib --disable-browser-plugin --enable-java-awt=gtk --enable-gtk-cairo --with-java-home=/usr/lib/jvm/java-1.5.0-gcj-4.8-amd64/jre --enable-java-home --with-jvm-root-dir=/usr/lib/jvm/java-1.5.0-gcj-4.8-amd64 --with-jvm-jar-dir=/usr/lib/jvm-exports/java-1.5.0-gcj-4.8-amd64 --with-arch-directory=amd64 --with-ecj-jar=/usr/share/java/eclipse-ecj.jar --enable-objc-gc --enable-multiarch --disable-werror --with-arch-32=i686 --with-abi=m64 --with-multilib-list=m32,m64,mx32 --with-tune=generic --enable-checking=release --build=x86_64-linux-gnu --host=x86_64-linux-gnu --target=x86_64-linux-gnu
Thread model: posix
gcc version 4.8.1 (Ubuntu/Linaro 4.8.1-10ubuntu9) 
COMPILER_PATH=/usr/lib/gcc/x86_64-linux-gnu/4.8/:/usr/lib/gcc/x86_64-linux-gnu/4.8/:/usr/lib/gcc/x86_64-linux-gnu/:/usr/lib/gcc/x86_64-linux-gnu/4.8/:/usr/lib/gcc/x86_64-linux-gnu/
LIBRARY_PATH=/usr/lib/gcc/x86_64-linux-gnu/4.8/:/usr/lib/gcc/x86_64-linux-gnu/4.8/../../../x86_64-linux-gnu/:/usr/lib/gcc/x86_64-linux-gnu/4.8/../../../../lib/:/lib/x86_64-linux-gnu/:/lib/../lib/:/usr/lib/x86_64-linux-gnu/:/usr/lib/../lib/:/usr/lib/gcc/x86_64-linux-gnu/4.8/../../../:/lib/:/usr/lib/
COLLECT_GCC_OPTIONS='-v' '-o' 'cmTryCompileExec1248214406' '-rdynamic' '-shared-libgcc' '-mtune=generic' '-march=x86-64'
 /usr/lib/gcc/x86_64-linux-gnu/4.8/collect2 --sysroot=/ --build-id --eh-frame-hdr -m elf_x86_64 --hash-style=gnu --as-needed -export-dynamic -dynamic-linker /lib64/ld-linux-x86-64.so.2 -z relro -o cmTryCompileExec1248214406 /usr/lib/gcc/x86_64-linux-gnu/4.8/../../../x86_64-linux-gnu/crt1.o /usr/lib/gcc/x86_64-linux-gnu/4.8/../../../x86_64-linux-gnu/crti.o /usr/lib/gcc/x86_64-linux-gnu/4.8/crtbegin.o -L/usr/lib/gcc/x86_64-linux-gnu/4.8 -L/usr/lib/gcc/x86_64-linux-gnu/4.8/../../../x86_64-linux-gnu -L/usr/lib/gcc/x86_64-linux-gnu/4.8/../../../../lib -L/lib/x86_64-linux-gnu -L/lib/../lib -L/usr/lib/x86_64-linux-gnu -L/usr/lib/../lib -L/usr/lib/gcc/x86_64-linux-gnu/4.8/../../.. CMakeFiles/cmTryCompileExec1248214406.dir/CMakeCXXCompilerABI.cpp.o -lstdc++ -lm -lgcc_s -lgcc -lc -lgcc_s -lgcc /usr/lib/gcc/x86_64-linux-gnu/4.8/crtend.o /usr/lib/gcc/x86_64-linux-gnu/4.8/../../../x86_64-linux-gnu/crtn.o
make[1]: Leaving directory `/afs/cern.ch/user/f/furano/Park/xrootd/xrootd-fbx3/xrootd-fbx3/build_pcitgt02/CMakeFiles/CMakeTmp'


Parsed CXX implicit link information from above output:
  link line regex: [^( *|.*[/\])(ld|ld|collect2)[^/\]*( |$)]
  ignore line: [Change Dir: /home/furano/afshome/Park/xrootd/xrootd-fbx3/xrootd-fbx3/build_pcitgt02/CMakeFiles/CMakeTmp]
  ignore line: []
  ignore line: [Run Build Command:/usr/bin/make "cmTryCompileExec1248214406/fast"]
  ignore line: [/usr/bin/make -f CMakeFiles/cmTryCompileExec1248214406.dir/build.make CMakeFiles/cmTryCompileExec1248214406.dir/build]
  ignore line: [make[1]: Entering directory `/afs/cern.ch/user/f/furano/Park/xrootd/xrootd-fbx3/xrootd-fbx3/build_pcitgt02/CMakeFiles/CMakeTmp']
  ignore line: [/usr/bin/cmake -E cmake_progress_report /home/furano/afshome/Park/xrootd/xrootd-fbx3/xrootd-fbx3/build_pcitgt02/CMakeFiles/CMakeTmp/CMakeFiles 1]
  ignore line: [Building CXX object CMakeFiles/cmTryCompileExec1248214406.dir/CMakeCXXCompilerABI.cpp.o]
  ignore line: [/usr/bin/c++     -o CMakeFiles/cmTryCompileExec1248214406.dir/CMakeCXXCompilerABI.cpp.o -c /usr/share/cmake-2.8/Modules/CMakeCXXCompilerABI.cpp]
  ignore line: [Linking CXX executable cmTryCompileExec1248214406]
  ignore line: [/usr/bin/cmake -E cmake_link_script CMakeFiles/cmTryCompileExec1248214406.dir/link.txt --verbose=1]
  ignore line: [/usr/bin/c++        -v CMakeFiles/cmTryCompileExec1248214406.dir/CMakeCXXCompilerABI.cpp.o  -o cmTryCompileExec1248214406 -rdynamic  ]
  ignore line: [Using built-in specs.]
  ignore line: [COLLECT_GCC=/usr/bin/c++]
  ignore line: [COLLECT_LTO_WRAPPER=/usr/lib/gcc/x86_64-linux-gnu/4.8/lto-wrapper]
  ignore line: [Target: x86_64-linux-gnu]
  ignore line: [Configured with: ../src/configure -v --with-pkgversion='Ubuntu/Linaro 4.8.1-10ubuntu9' --with-bugurl=file:///usr/share/doc/gcc-4.8/README.Bugs --enable-languages=c,c++,java,go,d,fortran,objc,obj-c++ --prefix=/usr --program-suffix=-4.8 --enable-shared --enable-linker-build-id --libexecdir=/usr/lib --without-included-gettext --enable-threads=posix --with-gxx-include-dir=/usr/include/c++/4.8 --libdir=/usr/lib --enable-nls --with-sysroot=/ --enable-clocale=gnu --enable-libstdcxx-debug --enable-libstdcxx-time=yes --enable-gnu-unique-object --enable-plugin --with-system-zlib --disable-browser-plugin --enable-java-awt=gtk --enable-gtk-cairo --with-java-home=/usr/lib/jvm/java-1.5.0-gcj-4.8-amd64/jre --enable-java-home --with-jvm-root-dir=/usr/lib/jvm/java-1.5.0-gcj-4.8-amd64 --with-jvm-jar-dir=/usr/lib/jvm-exports/java-1.5.0-gcj-4.8-amd64 --with-arch-directory=amd64 --with-ecj-jar=/usr/share/java/eclipse-ecj.jar --enable-objc-gc --enable-multiarch --disable-werror --with-arch-32=i686 --with-abi=m64 --with-multilib-list=m32,m64,mx32 --with-tune=generic --enable-checking=release --build=x86_64-linux-gnu --host=x86_64-linux-gnu --target=x86_64-linux-gnu]
  ignore line: [Thread model: posix]
  ignore line: [gcc version 4.8.1 (Ubuntu/Linaro 4.8.1-10ubuntu9) ]
  ignore line: [COMPILER_PATH=/usr/lib/gcc/x86_64-linux-gnu/4.8/:/usr/lib/gcc/x86_64-linux-gnu/4.8/:/usr/lib/gcc/x86_64-linux-gnu/:/usr/lib/gcc/x86_64-linux-gnu/4.8/:/usr/lib/gcc/x86_64-linux-gnu/]
  ignore line: [LIBRARY_PATH=/usr/lib/gcc/x86_64-linux-gnu/4.8/:/usr/lib/gcc/x86_64-linux-gnu/4.8/../../../x86_64-linux-gnu/:/usr/lib/gcc/x86_64-linux-gnu/4.8/../../../../lib/:/lib/x86_64-linux-gnu/:/lib/../lib/:/usr/lib/x86_64-linux-gnu/:/usr/lib/../lib/:/usr/lib/gcc/x86_64-linux-gnu/4.8/../../../:/lib/:/usr/lib/]
  ignore line: [COLLECT_GCC_OPTIONS='-v' '-o' 'cmTryCompileExec1248214406' '-rdynamic' '-shared-libgcc' '-mtune=generic' '-march=x86-64']
  link line: [ /usr/lib/gcc/x86_64-linux-gnu/4.8/collect2 --sysroot=/ --build-id --eh-frame-hdr -m elf_x86_64 --hash-style=gnu --as-needed -export-dynamic -dynamic-linker /lib64/ld-linux-x86-64.so.2 -z relro -o cmTryCompileExec1248214406 /usr/lib/gcc/x86_64-linux-gnu/4.8/../../../x86_64-linux-gnu/crt1.o /usr/lib/gcc/x86_64-linux-gnu/4.8/../../../x86_64-linux-gnu/crti.o /usr/lib/gcc/x86_64-linux-gnu/4.8/crtbegin.o -L/usr/lib/gcc/x86_64-linux-gnu/4.8 -L/usr/lib/gcc/x86_64-linux-gnu/4.8/../../../x86_64-linux-gnu -L/usr/lib/gcc/x86_64-linux-gnu/4.8/../../../../lib -L/lib/x86_64-linux-gnu -L/lib/../lib -L/usr/lib/x86_64-linux-gnu -L/usr/lib/../lib -L/usr/lib/gcc/x86_64-linux-gnu/4.8/../../.. CMakeFiles/cmTryCompileExec1248214406.dir/CMakeCXXCompilerABI.cpp.o -lstdc++ -lm -lgcc_s -lgcc -lc -lgcc_s -lgcc /usr/lib/gcc/x86_64-linux-gnu/4.8/crtend.o /usr/lib/gcc/x86_64-linux-gnu/4.8/../../../x86_64-linux-gnu/crtn.o]
    arg [/usr/lib/gcc/x86_64-linux-gnu/4.8/collect2] ==> ignore
    arg [--sysroot=/] ==> ignore
    arg [--build-id] ==> ignore
    arg [--eh-frame-hdr] ==> ignore
    arg [-m] ==> ignore
    arg [elf_x86_64] ==> ignore
    arg [--hash-style=gnu] ==> ignore
    arg [--as-needed] ==> ignore
    arg [-export-dynamic] ==> ignore
    arg [-dynamic-linker] ==> ignore
    arg [/lib64/ld-linux-x86-64.so.2] ==> ignore
    arg [-zrelro] ==> ignore
    arg [-o] ==> ignore
    arg [cmTryCompileExec1248214406] ==> ignore
    arg [/usr/lib/gcc/x86_64-linux-gnu/4.8/../../../x86_64-linux-gnu/crt1.o] ==> ignore
    arg [/usr/lib/gcc/x86_64-linux-gnu/4.8/../../../x86_64-linux-gnu/crti.o] ==> ignore
    arg [/usr/lib/gcc/x86_64-linux-gnu/4.8/crtbegin.o] ==> ignore
    arg [-L/usr/lib/gcc/x86_64-linux-gnu/4.8] ==> dir [/usr/lib/gcc/x86_64-linux-gnu/4.8]
    arg [-L/usr/lib/gcc/x86_64-linux-gnu/4.8/../../../x86_64-linux-gnu] ==> dir [/usr/lib/gcc/x86_64-linux-gnu/4.8/../../../x86_64-linux-gnu]
    arg [-L/usr/lib/gcc/x86_64-linux-gnu/4.8/../../../../lib] ==> dir [/usr/lib/gcc/x86_64-linux-gnu/4.8/../../../../lib]
    arg [-L/lib/x86_64-linux-gnu] ==> dir [/lib/x86_64-linux-gnu]
    arg [-L/lib/../lib] ==> dir [/lib/../lib]
    arg [-L/usr/lib/x86_64-linux-gnu] ==> dir [/usr/lib/x86_64-linux-gnu]
    arg [-L/usr/lib/../lib] ==> dir [/usr/lib/../lib]
    arg [-L/usr/lib/gcc/x86_64-linux-gnu/4.8/../../..] ==> dir [/usr/lib/gcc/x86_64-linux-gnu/4.8/../../..]
    arg [CMakeFiles/cmTryCompileExec1248214406.dir/CMakeCXXCompilerABI.cpp.o] ==> ignore
    arg [-lstdc++] ==> lib [stdc++]
    arg [-lm] ==> lib [m]
    arg [-lgcc_s] ==> lib [gcc_s]
    arg [-lgcc] ==> lib [gcc]
    arg [-lc] ==> lib [c]
    arg [-lgcc_s] ==> lib [gcc_s]
    arg [-lgcc] ==> lib [gcc]
    arg [/usr/lib/gcc/x86_64-linux-gnu/4.8/crtend.o] ==> ignore
    arg [/usr/lib/gcc/x86_64-linux-gnu/4.8/../../../x86_64-linux-gnu/crtn.o] ==> ignore
  remove lib [gcc_s]
  remove lib [gcc]
  remove lib [gcc_s]
  remove lib [gcc]
  collapse library dir [/usr/lib/gcc/x86_64-linux-gnu/4.8] ==> [/usr/lib/gcc/x86_64-linux-gnu/4.8]
  collapse library dir [/usr/lib/gcc/x86_64-linux-gnu/4.8/../../../x86_64-linux-gnu] ==> [/usr/lib/x86_64-linux-gnu]
  collapse library dir [/usr/lib/gcc/x86_64-linux-gnu/4.8/../../../../lib] ==> [/usr/lib]
  collapse library dir [/lib/x86_64-linux-gnu] ==> [/lib/x86_64-linux-gnu]
  collapse library dir [/lib/../lib] ==> [/lib]
  collapse library dir [/usr/lib/x86_64-linux-gnu] ==> [/usr/lib/x86_64-linux-gnu]
  collapse library dir [/usr/lib/../lib] ==> [/usr/lib]
  collapse library dir [/usr/lib/gcc/x86_64-linux-gnu/4.8/../../..] ==> [/usr/lib]
  implicit libs: [stdc++;m;c]
  implicit dirs: [/usr/lib/gcc/x86_64-linux-gnu/4.8;/usr/lib/x86_64-linux-gnu;/usr/lib;/lib/x86_64-linux-gnu;/lib]
  implicit fwks: []


Determining if the function setresuid exists passed with the following output:
Change Dir: /home/furano/afshome/Park/xrootd/xrootd-fbx3/xrootd-fbx3/build_pcitgt02/CMakeFiles/CMakeTmp

Run Build Command:/usr/bin/make "cmTryCompileExec1606679101/fast"
/usr/bin/make -f CMakeFiles/cmTryCompileExec1606679101.dir/build.make CMakeFiles/cmTryCompileExec1606679101.dir/build
make[1]: Entering directory `/afs/cern.ch/user/f/furano/Park/xrootd/xrootd-fbx3/xrootd-fbx3/build_pcitgt02/CMakeFiles/CMakeTmp'
/usr/bin/cmake -E cmake_progress_report /home/furano/afshome/Park/xrootd/xrootd-fbx3/xrootd-fbx3/build_pcitgt02/CMakeFiles/CMakeTmp/CMakeFiles 1
Building C object CMakeFiles/cmTryCompileExec1606679101.dir/CheckFunctionExists.c.o
/usr/bin/cc   -DCHECK_FUNCTION_EXISTS=setresuid   -o CMakeFiles/cmTryCompileExec1606679101.dir/CheckFunctionExists.c.o   -c /usr/share/cmake-2.8/Modules/CheckFunctionExists.c
Linking C executable cmTryCompileExec1606679101
/usr/bin/cmake -E cmake_link_script CMakeFiles/cmTryCompileExec1606679101.dir/link.txt --verbose=1
/usr/bin/cc     -DCHECK_FUNCTION_EXISTS=setresuid    CMakeFiles/cmTryCompileExec1606679101.dir/CheckFunctionExists.c.o  -o cmTryCompileExec1606679101 -rdynamic 
make[1]: Leaving directory `/afs/cern.ch/user/f/furano/Park/xrootd/xrootd-fbx3/xrootd-fbx3/build_pcitgt02/CMakeFiles/CMakeTmp'


Determining if the function fstatat exists passed with the following output:
Change Dir: /home/furano/afshome/Park/xrootd/xrootd-fbx3/xrootd-fbx3/build_pcitgt02/CMakeFiles/CMakeTmp

Run Build Command:/usr/bin/make "cmTryCompileExec255791141/fast"
/usr/bin/make -f CMakeFiles/cmTryCompileExec255791141.dir/build.make CMakeFiles/cmTryCompileExec255791141.dir/build
make[1]: Entering directory `/afs/cern.ch/user/f/furano/Park/xrootd/xrootd-fbx3/xrootd-fbx3/build_pcitgt02/CMakeFiles/CMakeTmp'
/usr/bin/cmake -E cmake_progress_report /home/furano/afshome/Park/xrootd/xrootd-fbx3/xrootd-fbx3/build_pcitgt02/CMakeFiles/CMakeTmp/CMakeFiles 1
Building C object CMakeFiles/cmTryCompileExec255791141.dir/CheckFunctionExists.c.o
/usr/bin/cc   -DCHECK_FUNCTION_EXISTS=fstatat   -o CMakeFiles/cmTryCompileExec255791141.dir/CheckFunctionExists.c.o   -c /usr/share/cmake-2.8/Modules/CheckFunctionExists.c
Linking C executable cmTryCompileExec255791141
/usr/bin/cmake -E cmake_link_script CMakeFiles/cmTryCompileExec255791141.dir/link.txt --verbose=1
/usr/bin/cc     -DCHECK_FUNCTION_EXISTS=fstatat    CMakeFiles/cmTryCompileExec255791141.dir/CheckFunctionExists.c.o  -o cmTryCompileExec255791141 -rdynamic 
make[1]: Leaving directory `/afs/cern.ch/user/f/furano/Park/xrootd/xrootd-fbx3/xrootd-fbx3/build_pcitgt02/CMakeFiles/CMakeTmp'


Determining if the function sigwaitinfo exists passed with the following output:
Change Dir: /home/furano/afshome/Park/xrootd/xrootd-fbx3/xrootd-fbx3/build_pcitgt02/CMakeFiles/CMakeTmp

Run Build Command:/usr/bin/make "cmTryCompileExec4212151343/fast"
/usr/bin/make -f CMakeFiles/cmTryCompileExec4212151343.dir/build.make CMakeFiles/cmTryCompileExec4212151343.dir/build
make[1]: Entering directory `/afs/cern.ch/user/f/furano/Park/xrootd/xrootd-fbx3/xrootd-fbx3/build_pcitgt02/CMakeFiles/CMakeTmp'
/usr/bin/cmake -E cmake_progress_report /home/furano/afshome/Park/xrootd/xrootd-fbx3/xrootd-fbx3/build_pcitgt02/CMakeFiles/CMakeTmp/CMakeFiles 1
Building C object CMakeFiles/cmTryCompileExec4212151343.dir/CheckFunctionExists.c.o
/usr/bin/cc   -DCHECK_FUNCTION_EXISTS=sigwaitinfo   -o CMakeFiles/cmTryCompileExec4212151343.dir/CheckFunctionExists.c.o   -c /usr/share/cmake-2.8/Modules/CheckFunctionExists.c
Linking C executable cmTryCompileExec4212151343
/usr/bin/cmake -E cmake_link_script CMakeFiles/cmTryCompileExec4212151343.dir/link.txt --verbose=1
/usr/bin/cc     -DCHECK_FUNCTION_EXISTS=sigwaitinfo    CMakeFiles/cmTryCompileExec4212151343.dir/CheckFunctionExists.c.o  -o cmTryCompileExec4212151343 -rdynamic 
make[1]: Leaving directory `/afs/cern.ch/user/f/furano/Park/xrootd/xrootd-fbx3/xrootd-fbx3/build_pcitgt02/CMakeFiles/CMakeTmp'


Determining if the include file shadow.h exists passed with the following output:
Change Dir: /home/furano/afshome/Park/xrootd/xrootd-fbx3/xrootd-fbx3/build_pcitgt02/CMakeFiles/CMakeTmp

Run Build Command:/usr/bin/make "cmTryCompileExec825850307/fast"
/usr/bin/make -f CMakeFiles/cmTryCompileExec825850307.dir/build.make CMakeFiles/cmTryCompileExec825850307.dir/build
make[1]: Entering directory `/afs/cern.ch/user/f/furano/Park/xrootd/xrootd-fbx3/xrootd-fbx3/build_pcitgt02/CMakeFiles/CMakeTmp'
/usr/bin/cmake -E cmake_progress_report /home/furano/afshome/Park/xrootd/xrootd-fbx3/xrootd-fbx3/build_pcitgt02/CMakeFiles/CMakeTmp/CMakeFiles 1
Building C object CMakeFiles/cmTryCompileExec825850307.dir/CheckIncludeFile.c.o
/usr/bin/cc    -o CMakeFiles/cmTryCompileExec825850307.dir/CheckIncludeFile.c.o   -c /home/furano/afshome/Park/xrootd/xrootd-fbx3/xrootd-fbx3/build_pcitgt02/CMakeFiles/CMakeTmp/CheckIncludeFile.c
Linking C executable cmTryCompileExec825850307
/usr/bin/cmake -E cmake_link_script CMakeFiles/cmTryCompileExec825850307.dir/link.txt --verbose=1
/usr/bin/cc         CMakeFiles/cmTryCompileExec825850307.dir/CheckIncludeFile.c.o  -o cmTryCompileExec825850307 -rdynamic 
make[1]: Leaving directory `/afs/cern.ch/user/f/furano/Park/xrootd/xrootd-fbx3/xrootd-fbx3/build_pcitgt02/CMakeFiles/CMakeTmp'


Determining if the function getifaddrs exists passed with the following output:
Change Dir: /home/furano/afshome/Park/xrootd/xrootd-fbx3/xrootd-fbx3/build_pcitgt02/CMakeFiles/CMakeTmp

Run Build Command:/usr/bin/make "cmTryCompileExec2136170242/fast"
/usr/bin/make -f CMakeFiles/cmTryCompileExec2136170242.dir/build.make CMakeFiles/cmTryCompileExec2136170242.dir/build
make[1]: Entering directory `/afs/cern.ch/user/f/furano/Park/xrootd/xrootd-fbx3/xrootd-fbx3/build_pcitgt02/CMakeFiles/CMakeTmp'
/usr/bin/cmake -E cmake_progress_report /home/furano/afshome/Park/xrootd/xrootd-fbx3/xrootd-fbx3/build_pcitgt02/CMakeFiles/CMakeTmp/CMakeFiles 1
Building C object CMakeFiles/cmTryCompileExec2136170242.dir/CheckFunctionExists.c.o
/usr/bin/cc   -DCHECK_FUNCTION_EXISTS=getifaddrs   -o CMakeFiles/cmTryCompileExec2136170242.dir/CheckFunctionExists.c.o   -c /usr/share/cmake-2.8/Modules/CheckFunctionExists.c
Linking C executable cmTryCompileExec2136170242
/usr/bin/cmake -E cmake_link_script CMakeFiles/cmTryCompileExec2136170242.dir/link.txt --verbose=1
/usr/bin/cc     -DCHECK_FUNCTION_EXISTS=getifaddrs    CMakeFiles/cmTryCompileExec2136170242.dir/CheckFunctionExists.c.o  -o cmTryCompileExec2136170242 -rdynamic 
make[1]: Leaving directory `/afs/cern.ch/user/f/furano/Park/xrootd/xrootd-fbx3/xrootd-fbx3/build_pcitgt02/CMakeFiles/CMakeTmp'


Determining if the function getnameinfo exists passed with the following output:
Change Dir: /home/furano/afshome/Park/xrootd/xrootd-fbx3/xrootd-fbx3/build_pcitgt02/CMakeFiles/CMakeTmp

Run Build Command:/usr/bin/make "cmTryCompileExec4194423508/fast"
/usr/bin/make -f CMakeFiles/cmTryCompileExec4194423508.dir/build.make CMakeFiles/cmTryCompileExec4194423508.dir/build
make[1]: Entering directory `/afs/cern.ch/user/f/furano/Park/xrootd/xrootd-fbx3/xrootd-fbx3/build_pcitgt02/CMakeFiles/CMakeTmp'
/usr/bin/cmake -E cmake_progress_report /home/furano/afshome/Park/xrootd/xrootd-fbx3/xrootd-fbx3/build_pcitgt02/CMakeFiles/CMakeTmp/CMakeFiles 1
Building C object CMakeFiles/cmTryCompileExec4194423508.dir/CheckFunctionExists.c.o
/usr/bin/cc   -DCHECK_FUNCTION_EXISTS=getnameinfo   -o CMakeFiles/cmTryCompileExec4194423508.dir/CheckFunctionExists.c.o   -c /usr/share/cmake-2.8/Modules/CheckFunctionExists.c
Linking C executable cmTryCompileExec4194423508
/usr/bin/cmake -E cmake_link_script CMakeFiles/cmTryCompileExec4194423508.dir/link.txt --verbose=1
/usr/bin/cc     -DCHECK_FUNCTION_EXISTS=getnameinfo    CMakeFiles/cmTryCompileExec4194423508.dir/CheckFunctionExists.c.o  -o cmTryCompileExec4194423508 -rdynamic 
make[1]: Leaving directory `/afs/cern.ch/user/f/furano/Park/xrootd/xrootd-fbx3/xrootd-fbx3/build_pcitgt02/CMakeFiles/CMakeTmp'


Determining if the function getprotobyname_r exists passed with the following output:
Change Dir: /home/furano/afshome/Park/xrootd/xrootd-fbx3/xrootd-fbx3/build_pcitgt02/CMakeFiles/CMakeTmp

Run Build Command:/usr/bin/make "cmTryCompileExec3823837676/fast"
/usr/bin/make -f CMakeFiles/cmTryCompileExec3823837676.dir/build.make CMakeFiles/cmTryCompileExec3823837676.dir/build
make[1]: Entering directory `/afs/cern.ch/user/f/furano/Park/xrootd/xrootd-fbx3/xrootd-fbx3/build_pcitgt02/CMakeFiles/CMakeTmp'
/usr/bin/cmake -E cmake_progress_report /home/furano/afshome/Park/xrootd/xrootd-fbx3/xrootd-fbx3/build_pcitgt02/CMakeFiles/CMakeTmp/CMakeFiles 1
Building C object CMakeFiles/cmTryCompileExec3823837676.dir/CheckFunctionExists.c.o
/usr/bin/cc   -DCHECK_FUNCTION_EXISTS=getprotobyname_r   -o CMakeFiles/cmTryCompileExec3823837676.dir/CheckFunctionExists.c.o   -c /usr/share/cmake-2.8/Modules/CheckFunctionExists.c
Linking C executable cmTryCompileExec3823837676
/usr/bin/cmake -E cmake_link_script CMakeFiles/cmTryCompileExec3823837676.dir/link.txt --verbose=1
/usr/bin/cc     -DCHECK_FUNCTION_EXISTS=getprotobyname_r    CMakeFiles/cmTryCompileExec3823837676.dir/CheckFunctionExists.c.o  -o cmTryCompileExec3823837676 -rdynamic 
make[1]: Leaving directory `/afs/cern.ch/user/f/furano/Park/xrootd/xrootd-fbx3/xrootd-fbx3/build_pcitgt02/CMakeFiles/CMakeTmp'


Determining if the function gethostbyaddr_r exists passed with the following output:
Change Dir: /home/furano/afshome/Park/xrootd/xrootd-fbx3/xrootd-fbx3/build_pcitgt02/CMakeFiles/CMakeTmp

Run Build Command:/usr/bin/make "cmTryCompileExec4015745636/fast"
/usr/bin/make -f CMakeFiles/cmTryCompileExec4015745636.dir/build.make CMakeFiles/cmTryCompileExec4015745636.dir/build
make[1]: Entering directory `/afs/cern.ch/user/f/furano/Park/xrootd/xrootd-fbx3/xrootd-fbx3/build_pcitgt02/CMakeFiles/CMakeTmp'
/usr/bin/cmake -E cmake_progress_report /home/furano/afshome/Park/xrootd/xrootd-fbx3/xrootd-fbx3/build_pcitgt02/CMakeFiles/CMakeTmp/CMakeFiles 1
Building C object CMakeFiles/cmTryCompileExec4015745636.dir/CheckFunctionExists.c.o
/usr/bin/cc   -DCHECK_FUNCTION_EXISTS=gethostbyaddr_r   -o CMakeFiles/cmTryCompileExec4015745636.dir/CheckFunctionExists.c.o   -c /usr/share/cmake-2.8/Modules/CheckFunctionExists.c
Linking C executable cmTryCompileExec4015745636
/usr/bin/cmake -E cmake_link_script CMakeFiles/cmTryCompileExec4015745636.dir/link.txt --verbose=1
/usr/bin/cc     -DCHECK_FUNCTION_EXISTS=gethostbyaddr_r    CMakeFiles/cmTryCompileExec4015745636.dir/CheckFunctionExists.c.o  -o cmTryCompileExec4015745636 -rdynamic 
make[1]: Leaving directory `/afs/cern.ch/user/f/furano/Park/xrootd/xrootd-fbx3/xrootd-fbx3/build_pcitgt02/CMakeFiles/CMakeTmp'


Determining if the function sendfile exists passed with the following output:
Change Dir: /home/furano/afshome/Park/xrootd/xrootd-fbx3/xrootd-fbx3/build_pcitgt02/CMakeFiles/CMakeTmp

Run Build Command:/usr/bin/make "cmTryCompileExec3671298558/fast"
/usr/bin/make -f CMakeFiles/cmTryCompileExec3671298558.dir/build.make CMakeFiles/cmTryCompileExec3671298558.dir/build
make[1]: Entering directory `/afs/cern.ch/user/f/furano/Park/xrootd/xrootd-fbx3/xrootd-fbx3/build_pcitgt02/CMakeFiles/CMakeTmp'
/usr/bin/cmake -E cmake_progress_report /home/furano/afshome/Park/xrootd/xrootd-fbx3/xrootd-fbx3/build_pcitgt02/CMakeFiles/CMakeTmp/CMakeFiles 1
Building C object CMakeFiles/cmTryCompileExec3671298558.dir/CheckFunctionExists.c.o
/usr/bin/cc   -DCHECK_FUNCTION_EXISTS=sendfile   -o CMakeFiles/cmTryCompileExec3671298558.dir/CheckFunctionExists.c.o   -c /usr/share/cmake-2.8/Modules/CheckFunctionExists.c
Linking C executable cmTryCompileExec3671298558
/usr/bin/cmake -E cmake_link_script CMakeFiles/cmTryCompileExec3671298558.dir/link.txt --verbose=1
/usr/bin/cc     -DCHECK_FUNCTION_EXISTS=sendfile    CMakeFiles/cmTryCompileExec3671298558.dir/CheckFunctionExists.c.o  -o cmTryCompileExec3671298558 -rdynamic 
make[1]: Leaving directory `/afs/cern.ch/user/f/furano/Park/xrootd/xrootd-fbx3/xrootd-fbx3/build_pcitgt02/CMakeFiles/CMakeTmp'


Determining if the function crypt exists in the crypt passed with the following output:
Change Dir: /home/furano/afshome/Park/xrootd/xrootd-fbx3/xrootd-fbx3/build_pcitgt02/CMakeFiles/CMakeTmp

Run Build Command:/usr/bin/make "cmTryCompileExec3887961804/fast"
/usr/bin/make -f CMakeFiles/cmTryCompileExec3887961804.dir/build.make CMakeFiles/cmTryCompileExec3887961804.dir/build
make[1]: Entering directory `/afs/cern.ch/user/f/furano/Park/xrootd/xrootd-fbx3/xrootd-fbx3/build_pcitgt02/CMakeFiles/CMakeTmp'
/usr/bin/cmake -E cmake_progress_report /home/furano/afshome/Park/xrootd/xrootd-fbx3/xrootd-fbx3/build_pcitgt02/CMakeFiles/CMakeTmp/CMakeFiles 1
Building C object CMakeFiles/cmTryCompileExec3887961804.dir/CheckFunctionExists.c.o
/usr/bin/cc   -DCHECK_FUNCTION_EXISTS=crypt   -o CMakeFiles/cmTryCompileExec3887961804.dir/CheckFunctionExists.c.o   -c /usr/share/cmake-2.8/Modules/CheckFunctionExists.c
Linking C executable cmTryCompileExec3887961804
/usr/bin/cmake -E cmake_link_script CMakeFiles/cmTryCompileExec3887961804.dir/link.txt --verbose=1
/usr/bin/cc     -DCHECK_FUNCTION_EXISTS=crypt    CMakeFiles/cmTryCompileExec3887961804.dir/CheckFunctionExists.c.o  -o cmTryCompileExec3887961804 -rdynamic -lcrypt 
make[1]: Leaving directory `/afs/cern.ch/user/f/furano/Park/xrootd/xrootd-fbx3/xrootd-fbx3/build_pcitgt02/CMakeFiles/CMakeTmp'


Determining if the include file et/com_err.h exists passed with the following output:
Change Dir: /home/furano/afshome/Park/xrootd/xrootd-fbx3/xrootd-fbx3/build_pcitgt02/CMakeFiles/CMakeTmp

Run Build Command:/usr/bin/make "cmTryCompileExec1378986802/fast"
/usr/bin/make -f CMakeFiles/cmTryCompileExec1378986802.dir/build.make CMakeFiles/cmTryCompileExec1378986802.dir/build
make[1]: Entering directory `/afs/cern.ch/user/f/furano/Park/xrootd/xrootd-fbx3/xrootd-fbx3/build_pcitgt02/CMakeFiles/CMakeTmp'
/usr/bin/cmake -E cmake_progress_report /home/furano/afshome/Park/xrootd/xrootd-fbx3/xrootd-fbx3/build_pcitgt02/CMakeFiles/CMakeTmp/CMakeFiles 1
Building C object CMakeFiles/cmTryCompileExec1378986802.dir/CheckIncludeFile.c.o
/usr/bin/cc    -o CMakeFiles/cmTryCompileExec1378986802.dir/CheckIncludeFile.c.o   -c /home/furano/afshome/Park/xrootd/xrootd-fbx3/xrootd-fbx3/build_pcitgt02/CMakeFiles/CMakeTmp/CheckIncludeFile.c
Linking C executable cmTryCompileExec1378986802
/usr/bin/cmake -E cmake_link_script CMakeFiles/cmTryCompileExec1378986802.dir/link.txt --verbose=1
/usr/bin/cc         CMakeFiles/cmTryCompileExec1378986802.dir/CheckIncludeFile.c.o  -o cmTryCompileExec1378986802 -rdynamic 
make[1]: Leaving directory `/afs/cern.ch/user/f/furano/Park/xrootd/xrootd-fbx3/xrootd-fbx3/build_pcitgt02/CMakeFiles/CMakeTmp'


Performing C++ SOURCE FILE Test HAVE_ATOMICS succeded with the following output:
Change Dir: /home/furano/afshome/Park/xrootd/xrootd-fbx3/xrootd-fbx3/build_pcitgt02/CMakeFiles/CMakeTmp

Run Build Command:/usr/bin/make "cmTryCompileExec3508376699/fast"
/usr/bin/make -f CMakeFiles/cmTryCompileExec3508376699.dir/build.make CMakeFiles/cmTryCompileExec3508376699.dir/build
make[1]: Entering directory `/afs/cern.ch/user/f/furano/Park/xrootd/xrootd-fbx3/xrootd-fbx3/build_pcitgt02/CMakeFiles/CMakeTmp'
/usr/bin/cmake -E cmake_progress_report /home/furano/afshome/Park/xrootd/xrootd-fbx3/xrootd-fbx3/build_pcitgt02/CMakeFiles/CMakeTmp/CMakeFiles 1
Building CXX object CMakeFiles/cmTryCompileExec3508376699.dir/src.cxx.o
/usr/bin/c++    -Wall -Wextra -Werror -Wno-unused-parameter  -DHAVE_ATOMICS   -o CMakeFiles/cmTryCompileExec3508376699.dir/src.cxx.o -c /home/furano/afshome/Park/xrootd/xrootd-fbx3/xrootd-fbx3/build_pcitgt02/CMakeFiles/CMakeTmp/src.cxx
Linking CXX executable cmTryCompileExec3508376699
/usr/bin/cmake -E cmake_link_script CMakeFiles/cmTryCompileExec3508376699.dir/link.txt --verbose=1
/usr/bin/c++     -Wall -Wextra -Werror -Wno-unused-parameter  -DHAVE_ATOMICS    CMakeFiles/cmTryCompileExec3508376699.dir/src.cxx.o  -o cmTryCompileExec3508376699 -rdynamic 
make[1]: Leaving directory `/afs/cern.ch/user/f/furano/Park/xrootd/xrootd-fbx3/xrootd-fbx3/build_pcitgt02/CMakeFiles/CMakeTmp'

Return value: 1
Source file was:

  int main()
  {
    unsigned long long val = 111, *mem = &val;

    if (__sync_fetch_and_add(&val, 111) != 111 || val != 222) return 1;
    if (__sync_add_and_fetch(&val, 111) != 333)               return 1;
    if (__sync_sub_and_fetch(&val, 111) != 222)               return 1;
    if (__sync_fetch_and_sub(&val, 111) != 222 || val != 111) return 1;

    if (__sync_fetch_and_or (&val, 0)   != 111 || val != 111) return 1;
    if (__sync_fetch_and_and(&val, 0)   != 111 || val != 0  ) return 1;

    if (__sync_bool_compare_and_swap(mem, 0, 444) == 0 || val != 444)
      return 1;

    return 0;
  }

The system is: Linux - 3.13.0-30-generic - x86_64
Compiling the C compiler identification source file "CMakeCCompilerId.c" succeeded.
Compiler: /usr/bin/cc 
Build flags: 
Id flags: 

The output was:
0


Compilation of the C compiler identification source "CMakeCCompilerId.c" produced "a.out"

The C compiler identification is GNU, found in "/home/furano/afshome/Park/xrootd/xrootd-fbx3/xrootd-fbx3/build_pcitgt02/CMakeFiles/2.8.12.2/CompilerIdC/a.out"

Compiling the CXX compiler identification source file "CMakeCXXCompilerId.cpp" succeeded.
Compiler: /usr/bin/c++ 
Build flags: 
Id flags: 

The output was:
0


Compilation of the CXX compiler identification source "CMakeCXXCompilerId.cpp" produced "a.out"

The CXX compiler identification is GNU, found in "/home/furano/afshome/Park/xrootd/xrootd-fbx3/xrootd-fbx3/build_pcitgt02/CMakeFiles/2.8.12.2/CompilerIdCXX/a.out"

Determining if the C compiler works passed with the following output:
Change Dir: /home/furano/afshome/Park/xrootd/xrootd-fbx3/xrootd-fbx3/build_pcitgt02/CMakeFiles/CMakeTmp

Run Build Command:/usr/bin/make "cmTryCompileExec221406677/fast"
make[1]: Entering directory `/afs/cern.ch/user/f/furano/Park/xrootd/xrootd-fbx3/xrootd-fbx3/build_pcitgt02/CMakeFiles/CMakeTmp'
/usr/bin/make -f CMakeFiles/cmTryCompileExec221406677.dir/build.make CMakeFiles/cmTryCompileExec221406677.dir/build
make[2]: Entering directory `/afs/cern.ch/user/f/furano/Park/xrootd/xrootd-fbx3/xrootd-fbx3/build_pcitgt02/CMakeFiles/CMakeTmp'
/usr/bin/cmake -E cmake_progress_report /home/furano/afshome/Park/xrootd/xrootd-fbx3/xrootd-fbx3/build_pcitgt02/CMakeFiles/CMakeTmp/CMakeFiles 1
Building C object CMakeFiles/cmTryCompileExec221406677.dir/testCCompiler.c.o
/usr/bin/cc    -o CMakeFiles/cmTryCompileExec221406677.dir/testCCompiler.c.o   -c /home/furano/afshome/Park/xrootd/xrootd-fbx3/xrootd-fbx3/build_pcitgt02/CMakeFiles/CMakeTmp/testCCompiler.c
Linking C executable cmTryCompileExec221406677
/usr/bin/cmake -E cmake_link_script CMakeFiles/cmTryCompileExec221406677.dir/link.txt --verbose=1
/usr/bin/cc       CMakeFiles/cmTryCompileExec221406677.dir/testCCompiler.c.o  -o cmTryCompileExec221406677 -rdynamic 
make[2]: Leaving directory `/afs/cern.ch/user/f/furano/Park/xrootd/xrootd-fbx3/xrootd-fbx3/build_pcitgt02/CMakeFiles/CMakeTmp'
make[1]: Leaving directory `/afs/cern.ch/user/f/furano/Park/xrootd/xrootd-fbx3/xrootd-fbx3/build_pcitgt02/CMakeFiles/CMakeTmp'


Detecting C compiler ABI info compiled with the following output:
Change Dir: /home/furano/afshome/Park/xrootd/xrootd-fbx3/xrootd-fbx3/build_pcitgt02/CMakeFiles/CMakeTmp

Run Build Command:/usr/bin/make "cmTryCompileExec321040570/fast"
make[1]: Entering directory `/afs/cern.ch/user/f/furano/Park/xrootd/xrootd-fbx3/xrootd-fbx3/build_pcitgt02/CMakeFiles/CMakeTmp'
/usr/bin/make -f CMakeFiles/cmTryCompileExec321040570.dir/build.make CMakeFiles/cmTryCompileExec321040570.dir/build
make[2]: Entering directory `/afs/cern.ch/user/f/furano/Park/xrootd/xrootd-fbx3/xrootd-fbx3/build_pcitgt02/CMakeFiles/CMakeTmp'
/usr/bin/cmake -E cmake_progress_report /home/furano/afshome/Park/xrootd/xrootd-fbx3/xrootd-fbx3/build_pcitgt02/CMakeFiles/CMakeTmp/CMakeFiles 1
Building C object CMakeFiles/cmTryCompileExec321040570.dir/CMakeCCompilerABI.c.o
/usr/bin/cc    -o CMakeFiles/cmTryCompileExec321040570.dir/CMakeCCompilerABI.c.o   -c /usr/share/cmake-2.8/Modules/CMakeCCompilerABI.c
Linking C executable cmTryCompileExec321040570
/usr/bin/cmake -E cmake_link_script CMakeFiles/cmTryCompileExec321040570.dir/link.txt --verbose=1
/usr/bin/cc     -v CMakeFiles/cmTryCompileExec321040570.dir/CMakeCCompilerABI.c.o  -o cmTryCompileExec321040570 -rdynamic  
Using built-in specs.
COLLECT_GCC=/usr/bin/cc
COLLECT_LTO_WRAPPER=/usr/lib/gcc/x86_64-linux-gnu/4.8/lto-wrapper
Target: x86_64-linux-gnu
Configured with: ../src/configure -v --with-pkgversion='Ubuntu 4.8.2-19ubuntu1' --with-bugurl=file:///usr/share/doc/gcc-4.8/README.Bugs --enable-languages=c,c++,java,go,d,fortran,objc,obj-c++ --prefix=/usr --program-suffix=-4.8 --enable-shared --enable-linker-build-id --libexecdir=/usr/lib --without-included-gettext --enable-threads=posix --with-gxx-include-dir=/usr/include/c++/4.8 --libdir=/usr/lib --enable-nls --with-sysroot=/ --enable-clocale=gnu --enable-libstdcxx-debug --enable-libstdcxx-time=yes --enable-gnu-unique-object --disable-libmudflap --enable-plugin --with-system-zlib --disable-browser-plugin --enable-java-awt=gtk --enable-gtk-cairo --with-java-home=/usr/lib/jvm/java-1.5.0-gcj-4.8-amd64/jre --enable-java-home --with-jvm-root-dir=/usr/lib/jvm/java-1.5.0-gcj-4.8-amd64 --with-jvm-jar-dir=/usr/lib/jvm-exports/java-1.5.0-gcj-4.8-amd64 --with-arch-directory=amd64 --with-ecj-jar=/usr/share/java/eclipse-ecj.jar --enable-objc-gc --enable-multiarch --disable-werror --with-arch-32=i686 --with-abi=m64 --with-multilib-list=m32,m64,mx32 --with-tune=generic --enable-checking=release --build=x86_64-linux-gnu --host=x86_64-linux-gnu --target=x86_64-linux-gnu
Thread model: posix
gcc version 4.8.2 (Ubuntu 4.8.2-19ubuntu1) 
COMPILER_PATH=/usr/lib/gcc/x86_64-linux-gnu/4.8/:/usr/lib/gcc/x86_64-linux-gnu/4.8/:/usr/lib/gcc/x86_64-linux-gnu/:/usr/lib/gcc/x86_64-linux-gnu/4.8/:/usr/lib/gcc/x86_64-linux-gnu/
LIBRARY_PATH=/usr/lib/gcc/x86_64-linux-gnu/4.8/:/usr/lib/gcc/x86_64-linux-gnu/4.8/../../../x86_64-linux-gnu/:/usr/lib/gcc/x86_64-linux-gnu/4.8/../../../../lib/:/lib/x86_64-linux-gnu/:/lib/../lib/:/usr/lib/x86_64-linux-gnu/:/usr/lib/../lib/:/usr/lib/gcc/x86_64-linux-gnu/4.8/../../../:/lib/:/usr/lib/
COLLECT_GCC_OPTIONS='-v' '-o' 'cmTryCompileExec321040570' '-rdynamic' '-mtune=generic' '-march=x86-64'
 /usr/lib/gcc/x86_64-linux-gnu/4.8/collect2 --sysroot=/ --build-id --eh-frame-hdr -m elf_x86_64 --hash-style=gnu --as-needed -export-dynamic -dynamic-linker /lib64/ld-linux-x86-64.so.2 -z relro -o cmTryCompileExec321040570 /usr/lib/gcc/x86_64-linux-gnu/4.8/../../../x86_64-linux-gnu/crt1.o /usr/lib/gcc/x86_64-linux-gnu/4.8/../../../x86_64-linux-gnu/crti.o /usr/lib/gcc/x86_64-linux-gnu/4.8/crtbegin.o -L/usr/lib/gcc/x86_64-linux-gnu/4.8 -L/usr/lib/gcc/x86_64-linux-gnu/4.8/../../../x86_64-linux-gnu -L/usr/lib/gcc/x86_64-linux-gnu/4.8/../../../../lib -L/lib/x86_64-linux-gnu -L/lib/../lib -L/usr/lib/x86_64-linux-gnu -L/usr/lib/../lib -L/usr/lib/gcc/x86_64-linux-gnu/4.8/../../.. CMakeFiles/cmTryCompileExec321040570.dir/CMakeCCompilerABI.c.o -lgcc --as-needed -lgcc_s --no-as-needed -lc -lgcc --as-needed -lgcc_s --no-as-needed /usr/lib/gcc/x86_64-linux-gnu/4.8/crtend.o /usr/lib/gcc/x86_64-linux-gnu/4.8/../../../x86_64-linux-gnu/crtn.o
make[2]: Leaving directory `/afs/cern.ch/user/f/furano/Park/xrootd/xrootd-fbx3/xrootd-fbx3/build_pcitgt02/CMakeFiles/CMakeTmp'
make[1]: Leaving directory `/afs/cern.ch/user/f/furano/Park/xrootd/xrootd-fbx3/xrootd-fbx3/build_pcitgt02/CMakeFiles/CMakeTmp'


Parsed C implicit link information from above output:
  link line regex: [^( *|.*[/\])(ld|([^/\]+-)?ld|collect2)[^/\]*( |$)]
  ignore line: [Change Dir: /home/furano/afshome/Park/xrootd/xrootd-fbx3/xrootd-fbx3/build_pcitgt02/CMakeFiles/CMakeTmp]
  ignore line: []
  ignore line: [Run Build Command:/usr/bin/make "cmTryCompileExec321040570/fast"]
  ignore line: [make[1]: Entering directory `/afs/cern.ch/user/f/furano/Park/xrootd/xrootd-fbx3/xrootd-fbx3/build_pcitgt02/CMakeFiles/CMakeTmp']
  ignore line: [/usr/bin/make -f CMakeFiles/cmTryCompileExec321040570.dir/build.make CMakeFiles/cmTryCompileExec321040570.dir/build]
  ignore line: [make[2]: Entering directory `/afs/cern.ch/user/f/furano/Park/xrootd/xrootd-fbx3/xrootd-fbx3/build_pcitgt02/CMakeFiles/CMakeTmp']
  ignore line: [/usr/bin/cmake -E cmake_progress_report /home/furano/afshome/Park/xrootd/xrootd-fbx3/xrootd-fbx3/build_pcitgt02/CMakeFiles/CMakeTmp/CMakeFiles 1]
  ignore line: [Building C object CMakeFiles/cmTryCompileExec321040570.dir/CMakeCCompilerABI.c.o]
  ignore line: [/usr/bin/cc    -o CMakeFiles/cmTryCompileExec321040570.dir/CMakeCCompilerABI.c.o   -c /usr/share/cmake-2.8/Modules/CMakeCCompilerABI.c]
  ignore line: [Linking C executable cmTryCompileExec321040570]
  ignore line: [/usr/bin/cmake -E cmake_link_script CMakeFiles/cmTryCompileExec321040570.dir/link.txt --verbose=1]
  ignore line: [/usr/bin/cc     -v CMakeFiles/cmTryCompileExec321040570.dir/CMakeCCompilerABI.c.o  -o cmTryCompileExec321040570 -rdynamic  ]
  ignore line: [Using built-in specs.]
  ignore line: [COLLECT_GCC=/usr/bin/cc]
  ignore line: [COLLECT_LTO_WRAPPER=/usr/lib/gcc/x86_64-linux-gnu/4.8/lto-wrapper]
  ignore line: [Target: x86_64-linux-gnu]
  ignore line: [Configured with: ../src/configure -v --with-pkgversion='Ubuntu 4.8.2-19ubuntu1' --with-bugurl=file:///usr/share/doc/gcc-4.8/README.Bugs --enable-languages=c,c++,java,go,d,fortran,objc,obj-c++ --prefix=/usr --program-suffix=-4.8 --enable-shared --enable-linker-build-id --libexecdir=/usr/lib --without-included-gettext --enable-threads=posix --with-gxx-include-dir=/usr/include/c++/4.8 --libdir=/usr/lib --enable-nls --with-sysroot=/ --enable-clocale=gnu --enable-libstdcxx-debug --enable-libstdcxx-time=yes --enable-gnu-unique-object --disable-libmudflap --enable-plugin --with-system-zlib --disable-browser-plugin --enable-java-awt=gtk --enable-gtk-cairo --with-java-home=/usr/lib/jvm/java-1.5.0-gcj-4.8-amd64/jre --enable-java-home --with-jvm-root-dir=/usr/lib/jvm/java-1.5.0-gcj-4.8-amd64 --with-jvm-jar-dir=/usr/lib/jvm-exports/java-1.5.0-gcj-4.8-amd64 --with-arch-directory=amd64 --with-ecj-jar=/usr/share/java/eclipse-ecj.jar --enable-objc-gc --enable-multiarch --disable-werror --with-arch-32=i686 --with-abi=m64 --with-multilib-list=m32,m64,mx32 --with-tune=generic --enable-checking=release --build=x86_64-linux-gnu --host=x86_64-linux-gnu --target=x86_64-linux-gnu]
  ignore line: [Thread model: posix]
  ignore line: [gcc version 4.8.2 (Ubuntu 4.8.2-19ubuntu1) ]
  ignore line: [COMPILER_PATH=/usr/lib/gcc/x86_64-linux-gnu/4.8/:/usr/lib/gcc/x86_64-linux-gnu/4.8/:/usr/lib/gcc/x86_64-linux-gnu/:/usr/lib/gcc/x86_64-linux-gnu/4.8/:/usr/lib/gcc/x86_64-linux-gnu/]
  ignore line: [LIBRARY_PATH=/usr/lib/gcc/x86_64-linux-gnu/4.8/:/usr/lib/gcc/x86_64-linux-gnu/4.8/../../../x86_64-linux-gnu/:/usr/lib/gcc/x86_64-linux-gnu/4.8/../../../../lib/:/lib/x86_64-linux-gnu/:/lib/../lib/:/usr/lib/x86_64-linux-gnu/:/usr/lib/../lib/:/usr/lib/gcc/x86_64-linux-gnu/4.8/../../../:/lib/:/usr/lib/]
  ignore line: [COLLECT_GCC_OPTIONS='-v' '-o' 'cmTryCompileExec321040570' '-rdynamic' '-mtune=generic' '-march=x86-64']
  link line: [ /usr/lib/gcc/x86_64-linux-gnu/4.8/collect2 --sysroot=/ --build-id --eh-frame-hdr -m elf_x86_64 --hash-style=gnu --as-needed -export-dynamic -dynamic-linker /lib64/ld-linux-x86-64.so.2 -z relro -o cmTryCompileExec321040570 /usr/lib/gcc/x86_64-linux-gnu/4.8/../../../x86_64-linux-gnu/crt1.o /usr/lib/gcc/x86_64-linux-gnu/4.8/../../../x86_64-linux-gnu/crti.o /usr/lib/gcc/x86_64-linux-gnu/4.8/crtbegin.o -L/usr/lib/gcc/x86_64-linux-gnu/4.8 -L/usr/lib/gcc/x86_64-linux-gnu/4.8/../../../x86_64-linux-gnu -L/usr/lib/gcc/x86_64-linux-gnu/4.8/../../../../lib -L/lib/x86_64-linux-gnu -L/lib/../lib -L/usr/lib/x86_64-linux-gnu -L/usr/lib/../lib -L/usr/lib/gcc/x86_64-linux-gnu/4.8/../../.. CMakeFiles/cmTryCompileExec321040570.dir/CMakeCCompilerABI.c.o -lgcc --as-needed -lgcc_s --no-as-needed -lc -lgcc --as-needed -lgcc_s --no-as-needed /usr/lib/gcc/x86_64-linux-gnu/4.8/crtend.o /usr/lib/gcc/x86_64-linux-gnu/4.8/../../../x86_64-linux-gnu/crtn.o]
    arg [/usr/lib/gcc/x86_64-linux-gnu/4.8/collect2] ==> ignore
    arg [--sysroot=/] ==> ignore
    arg [--build-id] ==> ignore
    arg [--eh-frame-hdr] ==> ignore
    arg [-m] ==> ignore
    arg [elf_x86_64] ==> ignore
    arg [--hash-style=gnu] ==> ignore
    arg [--as-needed] ==> ignore
    arg [-export-dynamic] ==> ignore
    arg [-dynamic-linker] ==> ignore
    arg [/lib64/ld-linux-x86-64.so.2] ==> ignore
    arg [-zrelro] ==> ignore
    arg [-o] ==> ignore
    arg [cmTryCompileExec321040570] ==> ignore
    arg [/usr/lib/gcc/x86_64-linux-gnu/4.8/../../../x86_64-linux-gnu/crt1.o] ==> ignore
    arg [/usr/lib/gcc/x86_64-linux-gnu/4.8/../../../x86_64-linux-gnu/crti.o] ==> ignore
    arg [/usr/lib/gcc/x86_64-linux-gnu/4.8/crtbegin.o] ==> ignore
    arg [-L/usr/lib/gcc/x86_64-linux-gnu/4.8] ==> dir [/usr/lib/gcc/x86_64-linux-gnu/4.8]
    arg [-L/usr/lib/gcc/x86_64-linux-gnu/4.8/../../../x86_64-linux-gnu] ==> dir [/usr/lib/gcc/x86_64-linux-gnu/4.8/../../../x86_64-linux-gnu]
    arg [-L/usr/lib/gcc/x86_64-linux-gnu/4.8/../../../../lib] ==> dir [/usr/lib/gcc/x86_64-linux-gnu/4.8/../../../../lib]
    arg [-L/lib/x86_64-linux-gnu] ==> dir [/lib/x86_64-linux-gnu]
    arg [-L/lib/../lib] ==> dir [/lib/../lib]
    arg [-L/usr/lib/x86_64-linux-gnu] ==> dir [/usr/lib/x86_64-linux-gnu]
    arg [-L/usr/lib/../lib] ==> dir [/usr/lib/../lib]
    arg [-L/usr/lib/gcc/x86_64-linux-gnu/4.8/../../..] ==> dir [/usr/lib/gcc/x86_64-linux-gnu/4.8/../../..]
    arg [CMakeFiles/cmTryCompileExec321040570.dir/CMakeCCompilerABI.c.o] ==> ignore
    arg [-lgcc] ==> lib [gcc]
    arg [--as-needed] ==> ignore
    arg [-lgcc_s] ==> lib [gcc_s]
    arg [--no-as-needed] ==> ignore
    arg [-lc] ==> lib [c]
    arg [-lgcc] ==> lib [gcc]
    arg [--as-needed] ==> ignore
    arg [-lgcc_s] ==> lib [gcc_s]
    arg [--no-as-needed] ==> ignore
    arg [/usr/lib/gcc/x86_64-linux-gnu/4.8/crtend.o] ==> ignore
    arg [/usr/lib/gcc/x86_64-linux-gnu/4.8/../../../x86_64-linux-gnu/crtn.o] ==> ignore
  remove lib [gcc]
  remove lib [gcc_s]
  remove lib [gcc]
  remove lib [gcc_s]
  collapse library dir [/usr/lib/gcc/x86_64-linux-gnu/4.8] ==> [/usr/lib/gcc/x86_64-linux-gnu/4.8]
  collapse library dir [/usr/lib/gcc/x86_64-linux-gnu/4.8/../../../x86_64-linux-gnu] ==> [/usr/lib/x86_64-linux-gnu]
  collapse library dir [/usr/lib/gcc/x86_64-linux-gnu/4.8/../../../../lib] ==> [/usr/lib]
  collapse library dir [/lib/x86_64-linux-gnu] ==> [/lib/x86_64-linux-gnu]
  collapse library dir [/lib/../lib] ==> [/lib]
  collapse library dir [/usr/lib/x86_64-linux-gnu] ==> [/usr/lib/x86_64-linux-gnu]
  collapse library dir [/usr/lib/../lib] ==> [/usr/lib]
  collapse library dir [/usr/lib/gcc/x86_64-linux-gnu/4.8/../../..] ==> [/usr/lib]
  implicit libs: [c]
  implicit dirs: [/usr/lib/gcc/x86_64-linux-gnu/4.8;/usr/lib/x86_64-linux-gnu;/usr/lib;/lib/x86_64-linux-gnu;/lib]
  implicit fwks: []


Determining if the CXX compiler works passed with the following output:
Change Dir: /home/furano/afshome/Park/xrootd/xrootd-fbx3/xrootd-fbx3/build_pcitgt02/CMakeFiles/CMakeTmp

Run Build Command:/usr/bin/make "cmTryCompileExec1285909703/fast"
make[1]: Entering directory `/afs/cern.ch/user/f/furano/Park/xrootd/xrootd-fbx3/xrootd-fbx3/build_pcitgt02/CMakeFiles/CMakeTmp'
/usr/bin/make -f CMakeFiles/cmTryCompileExec1285909703.dir/build.make CMakeFiles/cmTryCompileExec1285909703.dir/build
make[2]: Entering directory `/afs/cern.ch/user/f/furano/Park/xrootd/xrootd-fbx3/xrootd-fbx3/build_pcitgt02/CMakeFiles/CMakeTmp'
/usr/bin/cmake -E cmake_progress_report /home/furano/afshome/Park/xrootd/xrootd-fbx3/xrootd-fbx3/build_pcitgt02/CMakeFiles/CMakeTmp/CMakeFiles 1
Building CXX object CMakeFiles/cmTryCompileExec1285909703.dir/testCXXCompiler.cxx.o
/usr/bin/c++     -o CMakeFiles/cmTryCompileExec1285909703.dir/testCXXCompiler.cxx.o -c /home/furano/afshome/Park/xrootd/xrootd-fbx3/xrootd-fbx3/build_pcitgt02/CMakeFiles/CMakeTmp/testCXXCompiler.cxx
Linking CXX executable cmTryCompileExec1285909703
/usr/bin/cmake -E cmake_link_script CMakeFiles/cmTryCompileExec1285909703.dir/link.txt --verbose=1
/usr/bin/c++        CMakeFiles/cmTryCompileExec1285909703.dir/testCXXCompiler.cxx.o  -o cmTryCompileExec1285909703 -rdynamic 
make[2]: Leaving directory `/afs/cern.ch/user/f/furano/Park/xrootd/xrootd-fbx3/xrootd-fbx3/build_pcitgt02/CMakeFiles/CMakeTmp'
make[1]: Leaving directory `/afs/cern.ch/user/f/furano/Park/xrootd/xrootd-fbx3/xrootd-fbx3/build_pcitgt02/CMakeFiles/CMakeTmp'


Detecting CXX compiler ABI info compiled with the following output:
Change Dir: /home/furano/afshome/Park/xrootd/xrootd-fbx3/xrootd-fbx3/build_pcitgt02/CMakeFiles/CMakeTmp

Run Build Command:/usr/bin/make "cmTryCompileExec1825934428/fast"
make[1]: Entering directory `/afs/cern.ch/user/f/furano/Park/xrootd/xrootd-fbx3/xrootd-fbx3/build_pcitgt02/CMakeFiles/CMakeTmp'
/usr/bin/make -f CMakeFiles/cmTryCompileExec1825934428.dir/build.make CMakeFiles/cmTryCompileExec1825934428.dir/build
make[2]: Entering directory `/afs/cern.ch/user/f/furano/Park/xrootd/xrootd-fbx3/xrootd-fbx3/build_pcitgt02/CMakeFiles/CMakeTmp'
/usr/bin/cmake -E cmake_progress_report /home/furano/afshome/Park/xrootd/xrootd-fbx3/xrootd-fbx3/build_pcitgt02/CMakeFiles/CMakeTmp/CMakeFiles 1
Building CXX object CMakeFiles/cmTryCompileExec1825934428.dir/CMakeCXXCompilerABI.cpp.o
/usr/bin/c++     -o CMakeFiles/cmTryCompileExec1825934428.dir/CMakeCXXCompilerABI.cpp.o -c /usr/share/cmake-2.8/Modules/CMakeCXXCompilerABI.cpp
Linking CXX executable cmTryCompileExec1825934428
/usr/bin/cmake -E cmake_link_script CMakeFiles/cmTryCompileExec1825934428.dir/link.txt --verbose=1
/usr/bin/c++      -v CMakeFiles/cmTryCompileExec1825934428.dir/CMakeCXXCompilerABI.cpp.o  -o cmTryCompileExec1825934428 -rdynamic  
Using built-in specs.
COLLECT_GCC=/usr/bin/c++
COLLECT_LTO_WRAPPER=/usr/lib/gcc/x86_64-linux-gnu/4.8/lto-wrapper
Target: x86_64-linux-gnu
Configured with: ../src/configure -v --with-pkgversion='Ubuntu 4.8.2-19ubuntu1' --with-bugurl=file:///usr/share/doc/gcc-4.8/README.Bugs --enable-languages=c,c++,java,go,d,fortran,objc,obj-c++ --prefix=/usr --program-suffix=-4.8 --enable-shared --enable-linker-build-id --libexecdir=/usr/lib --without-included-gettext --enable-threads=posix --with-gxx-include-dir=/usr/include/c++/4.8 --libdir=/usr/lib --enable-nls --with-sysroot=/ --enable-clocale=gnu --enable-libstdcxx-debug --enable-libstdcxx-time=yes --enable-gnu-unique-object --disable-libmudflap --enable-plugin --with-system-zlib --disable-browser-plugin --enable-java-awt=gtk --enable-gtk-cairo --with-java-home=/usr/lib/jvm/java-1.5.0-gcj-4.8-amd64/jre --enable-java-home --with-jvm-root-dir=/usr/lib/jvm/java-1.5.0-gcj-4.8-amd64 --with-jvm-jar-dir=/usr/lib/jvm-exports/java-1.5.0-gcj-4.8-amd64 --with-arch-directory=amd64 --with-ecj-jar=/usr/share/java/eclipse-ecj.jar --enable-objc-gc --enable-multiarch --disable-werror --with-arch-32=i686 --with-abi=m64 --with-multilib-list=m32,m64,mx32 --with-tune=generic --enable-checking=release --build=x86_64-linux-gnu --host=x86_64-linux-gnu --target=x86_64-linux-gnu
Thread model: posix
gcc version 4.8.2 (Ubuntu 4.8.2-19ubuntu1) 
COMPILER_PATH=/usr/lib/gcc/x86_64-linux-gnu/4.8/:/usr/lib/gcc/x86_64-linux-gnu/4.8/:/usr/lib/gcc/x86_64-linux-gnu/:/usr/lib/gcc/x86_64-linux-gnu/4.8/:/usr/lib/gcc/x86_64-linux-gnu/
LIBRARY_PATH=/usr/lib/gcc/x86_64-linux-gnu/4.8/:/usr/lib/gcc/x86_64-linux-gnu/4.8/../../../x86_64-linux-gnu/:/usr/lib/gcc/x86_64-linux-gnu/4.8/../../../../lib/:/lib/x86_64-linux-gnu/:/lib/../lib/:/usr/lib/x86_64-linux-gnu/:/usr/lib/../lib/:/usr/lib/gcc/x86_64-linux-gnu/4.8/../../../:/lib/:/usr/lib/
COLLECT_GCC_OPTIONS='-v' '-o' 'cmTryCompileExec1825934428' '-rdynamic' '-shared-libgcc' '-mtune=generic' '-march=x86-64'
 /usr/lib/gcc/x86_64-linux-gnu/4.8/collect2 --sysroot=/ --build-id --eh-frame-hdr -m elf_x86_64 --hash-style=gnu --as-needed -export-dynamic -dynamic-linker /lib64/ld-linux-x86-64.so.2 -z relro -o cmTryCompileExec1825934428 /usr/lib/gcc/x86_64-linux-gnu/4.8/../../../x86_64-linux-gnu/crt1.o /usr/lib/gcc/x86_64-linux-gnu/4.8/../../../x86_64-linux-gnu/crti.o /usr/lib/gcc/x86_64-linux-gnu/4.8/crtbegin.o -L/usr/lib/gcc/x86_64-linux-gnu/4.8 -L/usr/lib/gcc/x86_64-linux-gnu/4.8/../../../x86_64-linux-gnu -L/usr/lib/gcc/x86_64-linux-gnu/4.8/../../../../lib -L/lib/x86_64-linux-gnu -L/lib/../lib -L/usr/lib/x86_64-linux-gnu -L/usr/lib/../lib -L/usr/lib/gcc/x86_64-linux-gnu/4.8/../../.. CMakeFiles/cmTryCompileExec1825934428.dir/CMakeCXXCompilerABI.cpp.o -lstdc++ -lm -lgcc_s -lgcc -lc -lgcc_s -lgcc /usr/lib/gcc/x86_64-linux-gnu/4.8/crtend.o /usr/lib/gcc/x86_64-linux-gnu/4.8/../../../x86_64-linux-gnu/crtn.o
make[2]: Leaving directory `/afs/cern.ch/user/f/furano/Park/xrootd/xrootd-fbx3/xrootd-fbx3/build_pcitgt02/CMakeFiles/CMakeTmp'
make[1]: Leaving directory `/afs/cern.ch/user/f/furano/Park/xrootd/xrootd-fbx3/xrootd-fbx3/build_pcitgt02/CMakeFiles/CMakeTmp'


Parsed CXX implicit link information from above output:
  link line regex: [^( *|.*[/\])(ld|([^/\]+-)?ld|collect2)[^/\]*( |$)]
  ignore line: [Change Dir: /home/furano/afshome/Park/xrootd/xrootd-fbx3/xrootd-fbx3/build_pcitgt02/CMakeFiles/CMakeTmp]
  ignore line: []
  ignore line: [Run Build Command:/usr/bin/make "cmTryCompileExec1825934428/fast"]
  ignore line: [make[1]: Entering directory `/afs/cern.ch/user/f/furano/Park/xrootd/xrootd-fbx3/xrootd-fbx3/build_pcitgt02/CMakeFiles/CMakeTmp']
  ignore line: [/usr/bin/make -f CMakeFiles/cmTryCompileExec1825934428.dir/build.make CMakeFiles/cmTryCompileExec1825934428.dir/build]
  ignore line: [make[2]: Entering directory `/afs/cern.ch/user/f/furano/Park/xrootd/xrootd-fbx3/xrootd-fbx3/build_pcitgt02/CMakeFiles/CMakeTmp']
  ignore line: [/usr/bin/cmake -E cmake_progress_report /home/furano/afshome/Park/xrootd/xrootd-fbx3/xrootd-fbx3/build_pcitgt02/CMakeFiles/CMakeTmp/CMakeFiles 1]
  ignore line: [Building CXX object CMakeFiles/cmTryCompileExec1825934428.dir/CMakeCXXCompilerABI.cpp.o]
  ignore line: [/usr/bin/c++     -o CMakeFiles/cmTryCompileExec1825934428.dir/CMakeCXXCompilerABI.cpp.o -c /usr/share/cmake-2.8/Modules/CMakeCXXCompilerABI.cpp]
  ignore line: [Linking CXX executable cmTryCompileExec1825934428]
  ignore line: [/usr/bin/cmake -E cmake_link_script CMakeFiles/cmTryCompileExec1825934428.dir/link.txt --verbose=1]
  ignore line: [/usr/bin/c++      -v CMakeFiles/cmTryCompileExec1825934428.dir/CMakeCXXCompilerABI.cpp.o  -o cmTryCompileExec1825934428 -rdynamic  ]
  ignore line: [Using built-in specs.]
  ignore line: [COLLECT_GCC=/usr/bin/c++]
  ignore line: [COLLECT_LTO_WRAPPER=/usr/lib/gcc/x86_64-linux-gnu/4.8/lto-wrapper]
  ignore line: [Target: x86_64-linux-gnu]
  ignore line: [Configured with: ../src/configure -v --with-pkgversion='Ubuntu 4.8.2-19ubuntu1' --with-bugurl=file:///usr/share/doc/gcc-4.8/README.Bugs --enable-languages=c,c++,java,go,d,fortran,objc,obj-c++ --prefix=/usr --program-suffix=-4.8 --enable-shared --enable-linker-build-id --libexecdir=/usr/lib --without-included-gettext --enable-threads=posix --with-gxx-include-dir=/usr/include/c++/4.8 --libdir=/usr/lib --enable-nls --with-sysroot=/ --enable-clocale=gnu --enable-libstdcxx-debug --enable-libstdcxx-time=yes --enable-gnu-unique-object --disable-libmudflap --enable-plugin --with-system-zlib --disable-browser-plugin --enable-java-awt=gtk --enable-gtk-cairo --with-java-home=/usr/lib/jvm/java-1.5.0-gcj-4.8-amd64/jre --enable-java-home --with-jvm-root-dir=/usr/lib/jvm/java-1.5.0-gcj-4.8-amd64 --with-jvm-jar-dir=/usr/lib/jvm-exports/java-1.5.0-gcj-4.8-amd64 --with-arch-directory=amd64 --with-ecj-jar=/usr/share/java/eclipse-ecj.jar --enable-objc-gc --enable-multiarch --disable-werror --with-arch-32=i686 --with-abi=m64 --with-multilib-list=m32,m64,mx32 --with-tune=generic --enable-checking=release --build=x86_64-linux-gnu --host=x86_64-linux-gnu --target=x86_64-linux-gnu]
  ignore line: [Thread model: posix]
  ignore line: [gcc version 4.8.2 (Ubuntu 4.8.2-19ubuntu1) ]
  ignore line: [COMPILER_PATH=/usr/lib/gcc/x86_64-linux-gnu/4.8/:/usr/lib/gcc/x86_64-linux-gnu/4.8/:/usr/lib/gcc/x86_64-linux-gnu/:/usr/lib/gcc/x86_64-linux-gnu/4.8/:/usr/lib/gcc/x86_64-linux-gnu/]
  ignore line: [LIBRARY_PATH=/usr/lib/gcc/x86_64-linux-gnu/4.8/:/usr/lib/gcc/x86_64-linux-gnu/4.8/../../../x86_64-linux-gnu/:/usr/lib/gcc/x86_64-linux-gnu/4.8/../../../../lib/:/lib/x86_64-linux-gnu/:/lib/../lib/:/usr/lib/x86_64-linux-gnu/:/usr/lib/../lib/:/usr/lib/gcc/x86_64-linux-gnu/4.8/../../../:/lib/:/usr/lib/]
  ignore line: [COLLECT_GCC_OPTIONS='-v' '-o' 'cmTryCompileExec1825934428' '-rdynamic' '-shared-libgcc' '-mtune=generic' '-march=x86-64']
  link line: [ /usr/lib/gcc/x86_64-linux-gnu/4.8/collect2 --sysroot=/ --build-id --eh-frame-hdr -m elf_x86_64 --hash-style=gnu --as-needed -export-dynamic -dynamic-linker /lib64/ld-linux-x86-64.so.2 -z relro -o cmTryCompileExec1825934428 /usr/lib/gcc/x86_64-linux-gnu/4.8/../../../x86_64-linux-gnu/crt1.o /usr/lib/gcc/x86_64-linux-gnu/4.8/../../../x86_64-linux-gnu/crti.o /usr/lib/gcc/x86_64-linux-gnu/4.8/crtbegin.o -L/usr/lib/gcc/x86_64-linux-gnu/4.8 -L/usr/lib/gcc/x86_64-linux-gnu/4.8/../../../x86_64-linux-gnu -L/usr/lib/gcc/x86_64-linux-gnu/4.8/../../../../lib -L/lib/x86_64-linux-gnu -L/lib/../lib -L/usr/lib/x86_64-linux-gnu -L/usr/lib/../lib -L/usr/lib/gcc/x86_64-linux-gnu/4.8/../../.. CMakeFiles/cmTryCompileExec1825934428.dir/CMakeCXXCompilerABI.cpp.o -lstdc++ -lm -lgcc_s -lgcc -lc -lgcc_s -lgcc /usr/lib/gcc/x86_64-linux-gnu/4.8/crtend.o /usr/lib/gcc/x86_64-linux-gnu/4.8/../../../x86_64-linux-gnu/crtn.o]
    arg [/usr/lib/gcc/x86_64-linux-gnu/4.8/collect2] ==> ignore
    arg [--sysroot=/] ==> ignore
    arg [--build-id] ==> ignore
    arg [--eh-frame-hdr] ==> ignore
    arg [-m] ==> ignore
    arg [elf_x86_64] ==> ignore
    arg [--hash-style=gnu] ==> ignore
    arg [--as-needed] ==> ignore
    arg [-export-dynamic] ==> ignore
    arg [-dynamic-linker] ==> ignore
    arg [/lib64/ld-linux-x86-64.so.2] ==> ignore
    arg [-zrelro] ==> ignore
    arg [-o] ==> ignore
    arg [cmTryCompileExec1825934428] ==> ignore
    arg [/usr/lib/gcc/x86_64-linux-gnu/4.8/../../../x86_64-linux-gnu/crt1.o] ==> ignore
    arg [/usr/lib/gcc/x86_64-linux-gnu/4.8/../../../x86_64-linux-gnu/crti.o] ==> ignore
    arg [/usr/lib/gcc/x86_64-linux-gnu/4.8/crtbegin.o] ==> ignore
    arg [-L/usr/lib/gcc/x86_64-linux-gnu/4.8] ==> dir [/usr/lib/gcc/x86_64-linux-gnu/4.8]
    arg [-L/usr/lib/gcc/x86_64-linux-gnu/4.8/../../../x86_64-linux-gnu] ==> dir [/usr/lib/gcc/x86_64-linux-gnu/4.8/../../../x86_64-linux-gnu]
    arg [-L/usr/lib/gcc/x86_64-linux-gnu/4.8/../../../../lib] ==> dir [/usr/lib/gcc/x86_64-linux-gnu/4.8/../../../../lib]
    arg [-L/lib/x86_64-linux-gnu] ==> dir [/lib/x86_64-linux-gnu]
    arg [-L/lib/../lib] ==> dir [/lib/../lib]
    arg [-L/usr/lib/x86_64-linux-gnu] ==> dir [/usr/lib/x86_64-linux-gnu]
    arg [-L/usr/lib/../lib] ==> dir [/usr/lib/../lib]
    arg [-L/usr/lib/gcc/x86_64-linux-gnu/4.8/../../..] ==> dir [/usr/lib/gcc/x86_64-linux-gnu/4.8/../../..]
    arg [CMakeFiles/cmTryCompileExec1825934428.dir/CMakeCXXCompilerABI.cpp.o] ==> ignore
    arg [-lstdc++] ==> lib [stdc++]
    arg [-lm] ==> lib [m]
    arg [-lgcc_s] ==> lib [gcc_s]
    arg [-lgcc] ==> lib [gcc]
    arg [-lc] ==> lib [c]
    arg [-lgcc_s] ==> lib [gcc_s]
    arg [-lgcc] ==> lib [gcc]
    arg [/usr/lib/gcc/x86_64-linux-gnu/4.8/crtend.o] ==> ignore
    arg [/usr/lib/gcc/x86_64-linux-gnu/4.8/../../../x86_64-linux-gnu/crtn.o] ==> ignore
  remove lib [gcc_s]
  remove lib [gcc]
  remove lib [gcc_s]
  remove lib [gcc]
  collapse library dir [/usr/lib/gcc/x86_64-linux-gnu/4.8] ==> [/usr/lib/gcc/x86_64-linux-gnu/4.8]
  collapse library dir [/usr/lib/gcc/x86_64-linux-gnu/4.8/../../../x86_64-linux-gnu] ==> [/usr/lib/x86_64-linux-gnu]
  collapse library dir [/usr/lib/gcc/x86_64-linux-gnu/4.8/../../../../lib] ==> [/usr/lib]
  collapse library dir [/lib/x86_64-linux-gnu] ==> [/lib/x86_64-linux-gnu]
  collapse library dir [/lib/../lib] ==> [/lib]
  collapse library dir [/usr/lib/x86_64-linux-gnu] ==> [/usr/lib/x86_64-linux-gnu]
  collapse library dir [/usr/lib/../lib] ==> [/usr/lib]
  collapse library dir [/usr/lib/gcc/x86_64-linux-gnu/4.8/../../..] ==> [/usr/lib]
  implicit libs: [stdc++;m;c]
  implicit dirs: [/usr/lib/gcc/x86_64-linux-gnu/4.8;/usr/lib/x86_64-linux-gnu;/usr/lib;/lib/x86_64-linux-gnu;/lib]
  implicit fwks: []


